ARM GAS  C:\Users\BaiJiang\AppData\Local\Temp\cctIcAVL.s 			page 1


   1              		.cpu cortex-m3
   2              		.arch armv7-m
   3              		.fpu softvfp
   4              		.eabi_attribute 20, 1
   5              		.eabi_attribute 21, 1
   6              		.eabi_attribute 23, 3
   7              		.eabi_attribute 24, 1
   8              		.eabi_attribute 25, 1
   9              		.eabi_attribute 26, 1
  10              		.eabi_attribute 30, 1
  11              		.eabi_attribute 34, 1
  12              		.eabi_attribute 18, 4
  13              		.file	"gpio.c"
  14              		.text
  15              	.Ltext0:
  16              		.cfi_sections	.debug_frame
  17              		.file 1 "Core/Src/gpio.c"
  18              		.section	.text.MX_GPIO_Init,"ax",%progbits
  19              		.align	1
  20              		.global	MX_GPIO_Init
  21              		.syntax unified
  22              		.thumb
  23              		.thumb_func
  25              	MX_GPIO_Init:
  26              	.LFB65:
   1:Core/Src/gpio.c **** /* USER CODE BEGIN Header */
   2:Core/Src/gpio.c **** /**
   3:Core/Src/gpio.c ****   ******************************************************************************
   4:Core/Src/gpio.c ****   * @file    gpio.c
   5:Core/Src/gpio.c ****   * @brief   This file provides code for the configuration
   6:Core/Src/gpio.c ****   *          of all used GPIO pins.
   7:Core/Src/gpio.c ****   ******************************************************************************
   8:Core/Src/gpio.c ****   * @attention
   9:Core/Src/gpio.c ****   *
  10:Core/Src/gpio.c ****   * Copyright (c) 2026 STMicroelectronics.
  11:Core/Src/gpio.c ****   * All rights reserved.
  12:Core/Src/gpio.c ****   *
  13:Core/Src/gpio.c ****   * This software is licensed under terms that can be found in the LICENSE file
  14:Core/Src/gpio.c ****   * in the root directory of this software component.
  15:Core/Src/gpio.c ****   * If no LICENSE file comes with this software, it is provided AS-IS.
  16:Core/Src/gpio.c ****   *
  17:Core/Src/gpio.c ****   ******************************************************************************
  18:Core/Src/gpio.c ****   */
  19:Core/Src/gpio.c **** /* USER CODE END Header */
  20:Core/Src/gpio.c **** 
  21:Core/Src/gpio.c **** /* Includes ------------------------------------------------------------------*/
  22:Core/Src/gpio.c **** #include "gpio.h"
  23:Core/Src/gpio.c **** 
  24:Core/Src/gpio.c **** /* USER CODE BEGIN 0 */
  25:Core/Src/gpio.c **** 
  26:Core/Src/gpio.c **** /* USER CODE END 0 */
  27:Core/Src/gpio.c **** 
  28:Core/Src/gpio.c **** /*----------------------------------------------------------------------------*/
  29:Core/Src/gpio.c **** /* Configure GPIO                                                             */
  30:Core/Src/gpio.c **** /*----------------------------------------------------------------------------*/
  31:Core/Src/gpio.c **** /* USER CODE BEGIN 1 */
  32:Core/Src/gpio.c **** 
ARM GAS  C:\Users\BaiJiang\AppData\Local\Temp\cctIcAVL.s 			page 2


  33:Core/Src/gpio.c **** /* USER CODE END 1 */
  34:Core/Src/gpio.c **** 
  35:Core/Src/gpio.c **** /** Configure pins as
  36:Core/Src/gpio.c ****         * Analog
  37:Core/Src/gpio.c ****         * Input
  38:Core/Src/gpio.c ****         * Output
  39:Core/Src/gpio.c ****         * EVENT_OUT
  40:Core/Src/gpio.c ****         * EXTI
  41:Core/Src/gpio.c **** */
  42:Core/Src/gpio.c **** void MX_GPIO_Init(void)
  43:Core/Src/gpio.c **** {
  27              		.loc 1 43 1 view -0
  28              		.cfi_startproc
  29              		@ args = 0, pretend = 0, frame = 32
  30              		@ frame_needed = 0, uses_anonymous_args = 0
  31 0000 2DE9F043 		push	{r4, r5, r6, r7, r8, r9, lr}
  32              	.LCFI0:
  33              		.cfi_def_cfa_offset 28
  34              		.cfi_offset 4, -28
  35              		.cfi_offset 5, -24
  36              		.cfi_offset 6, -20
  37              		.cfi_offset 7, -16
  38              		.cfi_offset 8, -12
  39              		.cfi_offset 9, -8
  40              		.cfi_offset 14, -4
  41 0004 89B0     		sub	sp, sp, #36
  42              	.LCFI1:
  43              		.cfi_def_cfa_offset 64
  44:Core/Src/gpio.c **** 
  45:Core/Src/gpio.c ****   GPIO_InitTypeDef GPIO_InitStruct = {0};
  44              		.loc 1 45 3 view .LVU1
  45              		.loc 1 45 20 is_stmt 0 view .LVU2
  46 0006 0024     		movs	r4, #0
  47 0008 0494     		str	r4, [sp, #16]
  48 000a 0594     		str	r4, [sp, #20]
  49 000c 0694     		str	r4, [sp, #24]
  50 000e 0794     		str	r4, [sp, #28]
  46:Core/Src/gpio.c **** 
  47:Core/Src/gpio.c ****   /* GPIO Ports Clock Enable */
  48:Core/Src/gpio.c ****   __HAL_RCC_GPIOE_CLK_ENABLE();
  51              		.loc 1 48 3 is_stmt 1 view .LVU3
  52              	.LBB2:
  53              		.loc 1 48 3 view .LVU4
  54              		.loc 1 48 3 view .LVU5
  55 0010 284B     		ldr	r3, .L3
  56 0012 9A69     		ldr	r2, [r3, #24]
  57 0014 42F04002 		orr	r2, r2, #64
  58 0018 9A61     		str	r2, [r3, #24]
  59              		.loc 1 48 3 view .LVU6
  60 001a 9A69     		ldr	r2, [r3, #24]
  61 001c 02F04002 		and	r2, r2, #64
  62 0020 0192     		str	r2, [sp, #4]
  63              		.loc 1 48 3 view .LVU7
  64 0022 019A     		ldr	r2, [sp, #4]
  65              	.LBE2:
  66              		.loc 1 48 3 view .LVU8
  49:Core/Src/gpio.c ****   __HAL_RCC_GPIOA_CLK_ENABLE();
ARM GAS  C:\Users\BaiJiang\AppData\Local\Temp\cctIcAVL.s 			page 3


  67              		.loc 1 49 3 view .LVU9
  68              	.LBB3:
  69              		.loc 1 49 3 view .LVU10
  70              		.loc 1 49 3 view .LVU11
  71 0024 9A69     		ldr	r2, [r3, #24]
  72 0026 42F00402 		orr	r2, r2, #4
  73 002a 9A61     		str	r2, [r3, #24]
  74              		.loc 1 49 3 view .LVU12
  75 002c 9A69     		ldr	r2, [r3, #24]
  76 002e 02F00402 		and	r2, r2, #4
  77 0032 0292     		str	r2, [sp, #8]
  78              		.loc 1 49 3 view .LVU13
  79 0034 029A     		ldr	r2, [sp, #8]
  80              	.LBE3:
  81              		.loc 1 49 3 view .LVU14
  50:Core/Src/gpio.c ****   __HAL_RCC_GPIOB_CLK_ENABLE();
  82              		.loc 1 50 3 view .LVU15
  83              	.LBB4:
  84              		.loc 1 50 3 view .LVU16
  85              		.loc 1 50 3 view .LVU17
  86 0036 9A69     		ldr	r2, [r3, #24]
  87 0038 42F00802 		orr	r2, r2, #8
  88 003c 9A61     		str	r2, [r3, #24]
  89              		.loc 1 50 3 view .LVU18
  90 003e 9B69     		ldr	r3, [r3, #24]
  91 0040 03F00803 		and	r3, r3, #8
  92 0044 0393     		str	r3, [sp, #12]
  93              		.loc 1 50 3 view .LVU19
  94 0046 039B     		ldr	r3, [sp, #12]
  95              	.LBE4:
  96              		.loc 1 50 3 view .LVU20
  51:Core/Src/gpio.c **** 
  52:Core/Src/gpio.c ****   /*Configure GPIO pin Output Level */
  53:Core/Src/gpio.c ****   HAL_GPIO_WritePin(GPIOE, GPIO_PIN_5, GPIO_PIN_RESET);
  97              		.loc 1 53 3 view .LVU21
  98 0048 1B4F     		ldr	r7, .L3+4
  99 004a 2246     		mov	r2, r4
 100 004c 2021     		movs	r1, #32
 101 004e 3846     		mov	r0, r7
 102 0050 FFF7FEFF 		bl	HAL_GPIO_WritePin
 103              	.LVL0:
  54:Core/Src/gpio.c **** 
  55:Core/Src/gpio.c ****   /*Configure GPIO pin Output Level */
  56:Core/Src/gpio.c ****   HAL_GPIO_WritePin(GPIOB, GPIO_PIN_5, GPIO_PIN_RESET);
 104              		.loc 1 56 3 view .LVU22
 105 0054 DFF86480 		ldr	r8, .L3+8
 106 0058 2246     		mov	r2, r4
 107 005a 2021     		movs	r1, #32
 108 005c 4046     		mov	r0, r8
 109 005e FFF7FEFF 		bl	HAL_GPIO_WritePin
 110              	.LVL1:
  57:Core/Src/gpio.c **** 
  58:Core/Src/gpio.c ****   /*Configure GPIO pins : PE3 PE4 */
  59:Core/Src/gpio.c ****   GPIO_InitStruct.Pin = GPIO_PIN_3|GPIO_PIN_4;
 111              		.loc 1 59 3 view .LVU23
 112              		.loc 1 59 23 is_stmt 0 view .LVU24
 113 0062 1823     		movs	r3, #24
ARM GAS  C:\Users\BaiJiang\AppData\Local\Temp\cctIcAVL.s 			page 4


 114 0064 0493     		str	r3, [sp, #16]
  60:Core/Src/gpio.c ****   GPIO_InitStruct.Mode = GPIO_MODE_INPUT;
 115              		.loc 1 60 3 is_stmt 1 view .LVU25
 116              		.loc 1 60 24 is_stmt 0 view .LVU26
 117 0066 0594     		str	r4, [sp, #20]
  61:Core/Src/gpio.c ****   GPIO_InitStruct.Pull = GPIO_PULLUP;
 118              		.loc 1 61 3 is_stmt 1 view .LVU27
 119              		.loc 1 61 24 is_stmt 0 view .LVU28
 120 0068 0125     		movs	r5, #1
 121 006a 0695     		str	r5, [sp, #24]
  62:Core/Src/gpio.c ****   HAL_GPIO_Init(GPIOE, &GPIO_InitStruct);
 122              		.loc 1 62 3 is_stmt 1 view .LVU29
 123 006c 04A9     		add	r1, sp, #16
 124 006e 3846     		mov	r0, r7
 125 0070 FFF7FEFF 		bl	HAL_GPIO_Init
 126              	.LVL2:
  63:Core/Src/gpio.c **** 
  64:Core/Src/gpio.c ****   /*Configure GPIO pin : PE5 */
  65:Core/Src/gpio.c ****   GPIO_InitStruct.Pin = GPIO_PIN_5;
 127              		.loc 1 65 3 view .LVU30
 128              		.loc 1 65 23 is_stmt 0 view .LVU31
 129 0074 4FF02009 		mov	r9, #32
 130 0078 CDF81090 		str	r9, [sp, #16]
  66:Core/Src/gpio.c ****   GPIO_InitStruct.Mode = GPIO_MODE_OUTPUT_PP;
 131              		.loc 1 66 3 is_stmt 1 view .LVU32
 132              		.loc 1 66 24 is_stmt 0 view .LVU33
 133 007c 0595     		str	r5, [sp, #20]
  67:Core/Src/gpio.c ****   GPIO_InitStruct.Pull = GPIO_NOPULL;
 134              		.loc 1 67 3 is_stmt 1 view .LVU34
 135              		.loc 1 67 24 is_stmt 0 view .LVU35
 136 007e 0694     		str	r4, [sp, #24]
  68:Core/Src/gpio.c ****   GPIO_InitStruct.Speed = GPIO_SPEED_FREQ_LOW;
 137              		.loc 1 68 3 is_stmt 1 view .LVU36
 138              		.loc 1 68 25 is_stmt 0 view .LVU37
 139 0080 0226     		movs	r6, #2
 140 0082 0796     		str	r6, [sp, #28]
  69:Core/Src/gpio.c ****   HAL_GPIO_Init(GPIOE, &GPIO_InitStruct);
 141              		.loc 1 69 3 is_stmt 1 view .LVU38
 142 0084 04A9     		add	r1, sp, #16
 143 0086 3846     		mov	r0, r7
 144 0088 FFF7FEFF 		bl	HAL_GPIO_Init
 145              	.LVL3:
  70:Core/Src/gpio.c **** 
  71:Core/Src/gpio.c ****   /*Configure GPIO pin : PA0 */
  72:Core/Src/gpio.c ****   GPIO_InitStruct.Pin = GPIO_PIN_0;
 146              		.loc 1 72 3 view .LVU39
 147              		.loc 1 72 23 is_stmt 0 view .LVU40
 148 008c 0495     		str	r5, [sp, #16]
  73:Core/Src/gpio.c ****   GPIO_InitStruct.Mode = GPIO_MODE_INPUT;
 149              		.loc 1 73 3 is_stmt 1 view .LVU41
 150              		.loc 1 73 24 is_stmt 0 view .LVU42
 151 008e 0594     		str	r4, [sp, #20]
  74:Core/Src/gpio.c ****   GPIO_InitStruct.Pull = GPIO_PULLDOWN;
 152              		.loc 1 74 3 is_stmt 1 view .LVU43
 153              		.loc 1 74 24 is_stmt 0 view .LVU44
 154 0090 0696     		str	r6, [sp, #24]
  75:Core/Src/gpio.c ****   HAL_GPIO_Init(GPIOA, &GPIO_InitStruct);
ARM GAS  C:\Users\BaiJiang\AppData\Local\Temp\cctIcAVL.s 			page 5


 155              		.loc 1 75 3 is_stmt 1 view .LVU45
 156 0092 04A9     		add	r1, sp, #16
 157 0094 0A48     		ldr	r0, .L3+12
 158 0096 FFF7FEFF 		bl	HAL_GPIO_Init
 159              	.LVL4:
  76:Core/Src/gpio.c **** 
  77:Core/Src/gpio.c ****   /*Configure GPIO pin : PB5 */
  78:Core/Src/gpio.c ****   GPIO_InitStruct.Pin = GPIO_PIN_5;
 160              		.loc 1 78 3 view .LVU46
 161              		.loc 1 78 23 is_stmt 0 view .LVU47
 162 009a CDF81090 		str	r9, [sp, #16]
  79:Core/Src/gpio.c ****   GPIO_InitStruct.Mode = GPIO_MODE_OUTPUT_PP;
 163              		.loc 1 79 3 is_stmt 1 view .LVU48
 164              		.loc 1 79 24 is_stmt 0 view .LVU49
 165 009e 0595     		str	r5, [sp, #20]
  80:Core/Src/gpio.c ****   GPIO_InitStruct.Pull = GPIO_NOPULL;
 166              		.loc 1 80 3 is_stmt 1 view .LVU50
 167              		.loc 1 80 24 is_stmt 0 view .LVU51
 168 00a0 0694     		str	r4, [sp, #24]
  81:Core/Src/gpio.c ****   GPIO_InitStruct.Speed = GPIO_SPEED_FREQ_LOW;
 169              		.loc 1 81 3 is_stmt 1 view .LVU52
 170              		.loc 1 81 25 is_stmt 0 view .LVU53
 171 00a2 0796     		str	r6, [sp, #28]
  82:Core/Src/gpio.c ****   HAL_GPIO_Init(GPIOB, &GPIO_InitStruct);
 172              		.loc 1 82 3 is_stmt 1 view .LVU54
 173 00a4 04A9     		add	r1, sp, #16
 174 00a6 4046     		mov	r0, r8
 175 00a8 FFF7FEFF 		bl	HAL_GPIO_Init
 176              	.LVL5:
  83:Core/Src/gpio.c **** 
  84:Core/Src/gpio.c **** }
 177              		.loc 1 84 1 is_stmt 0 view .LVU55
 178 00ac 09B0     		add	sp, sp, #36
 179              	.LCFI2:
 180              		.cfi_def_cfa_offset 28
 181              		@ sp needed
 182 00ae BDE8F083 		pop	{r4, r5, r6, r7, r8, r9, pc}
 183              	.L4:
 184 00b2 00BF     		.align	2
 185              	.L3:
 186 00b4 00100240 		.word	1073876992
 187 00b8 00180140 		.word	1073813504
 188 00bc 000C0140 		.word	1073810432
 189 00c0 00080140 		.word	1073809408
 190              		.cfi_endproc
 191              	.LFE65:
 193              		.text
 194              	.Letext0:
 195              		.file 2 "D:/GCC/xpack-arm-none-eabi-gcc-13.2.1-1.1/arm-none-eabi/include/machine/_default_types.h"
 196              		.file 3 "D:/GCC/xpack-arm-none-eabi-gcc-13.2.1-1.1/arm-none-eabi/include/sys/_stdint.h"
 197              		.file 4 "Drivers/CMSIS/Device/ST/STM32F1xx/Include/stm32f103xe.h"
 198              		.file 5 "Drivers/STM32F1xx_HAL_Driver/Inc/stm32f1xx_hal_gpio.h"
ARM GAS  C:\Users\BaiJiang\AppData\Local\Temp\cctIcAVL.s 			page 6


DEFINED SYMBOLS
                            *ABS*:00000000 gpio.c
C:\Users\BaiJiang\AppData\Local\Temp\cctIcAVL.s:19     .text.MX_GPIO_Init:00000000 $t
C:\Users\BaiJiang\AppData\Local\Temp\cctIcAVL.s:25     .text.MX_GPIO_Init:00000000 MX_GPIO_Init
C:\Users\BaiJiang\AppData\Local\Temp\cctIcAVL.s:186    .text.MX_GPIO_Init:000000b4 $d

UNDEFINED SYMBOLS
HAL_GPIO_WritePin
HAL_GPIO_Init
