ARM GAS  C:\Users\BaiJiang\AppData\Local\Temp\cc05GZts.s 			page 1


   1              		.cpu cortex-m3
   2              		.arch armv7-m
   3              		.fpu softvfp
   4              		.eabi_attribute 20, 1
   5              		.eabi_attribute 21, 1
   6              		.eabi_attribute 23, 3
   7              		.eabi_attribute 24, 1
   8              		.eabi_attribute 25, 1
   9              		.eabi_attribute 26, 1
  10              		.eabi_attribute 30, 1
  11              		.eabi_attribute 34, 1
  12              		.eabi_attribute 18, 4
  13              		.file	"tim.c"
  14              		.text
  15              	.Ltext0:
  16              		.cfi_sections	.debug_frame
  17              		.file 1 "Core/Src/tim.c"
  18              		.section	.text.MX_TIM7_Init,"ax",%progbits
  19              		.align	1
  20              		.global	MX_TIM7_Init
  21              		.syntax unified
  22              		.thumb
  23              		.thumb_func
  25              	MX_TIM7_Init:
  26              	.LFB65:
   1:Core/Src/tim.c **** /* USER CODE BEGIN Header */
   2:Core/Src/tim.c **** /**
   3:Core/Src/tim.c ****   ******************************************************************************
   4:Core/Src/tim.c ****   * @file    tim.c
   5:Core/Src/tim.c ****   * @brief   This file provides code for the configuration
   6:Core/Src/tim.c ****   *          of the TIM instances.
   7:Core/Src/tim.c ****   ******************************************************************************
   8:Core/Src/tim.c ****   * @attention
   9:Core/Src/tim.c ****   *
  10:Core/Src/tim.c ****   * Copyright (c) 2026 STMicroelectronics.
  11:Core/Src/tim.c ****   * All rights reserved.
  12:Core/Src/tim.c ****   *
  13:Core/Src/tim.c ****   * This software is licensed under terms that can be found in the LICENSE file
  14:Core/Src/tim.c ****   * in the root directory of this software component.
  15:Core/Src/tim.c ****   * If no LICENSE file comes with this software, it is provided AS-IS.
  16:Core/Src/tim.c ****   *
  17:Core/Src/tim.c ****   ******************************************************************************
  18:Core/Src/tim.c ****   */
  19:Core/Src/tim.c **** /* USER CODE END Header */
  20:Core/Src/tim.c **** /* Includes ------------------------------------------------------------------*/
  21:Core/Src/tim.c **** #include "tim.h"
  22:Core/Src/tim.c **** 
  23:Core/Src/tim.c **** /* USER CODE BEGIN 0 */
  24:Core/Src/tim.c **** 
  25:Core/Src/tim.c **** /* USER CODE END 0 */
  26:Core/Src/tim.c **** 
  27:Core/Src/tim.c **** TIM_HandleTypeDef htim7;
  28:Core/Src/tim.c **** 
  29:Core/Src/tim.c **** /* TIM7 init function */
  30:Core/Src/tim.c **** void MX_TIM7_Init(void)
  31:Core/Src/tim.c **** {
  27              		.loc 1 31 1 view -0
ARM GAS  C:\Users\BaiJiang\AppData\Local\Temp\cc05GZts.s 			page 2


  28              		.cfi_startproc
  29              		@ args = 0, pretend = 0, frame = 8
  30              		@ frame_needed = 0, uses_anonymous_args = 0
  31 0000 00B5     		push	{lr}
  32              	.LCFI0:
  33              		.cfi_def_cfa_offset 4
  34              		.cfi_offset 14, -4
  35 0002 83B0     		sub	sp, sp, #12
  36              	.LCFI1:
  37              		.cfi_def_cfa_offset 16
  32:Core/Src/tim.c **** 
  33:Core/Src/tim.c ****   /* USER CODE BEGIN TIM7_Init 0 */
  34:Core/Src/tim.c **** 
  35:Core/Src/tim.c ****   /* USER CODE END TIM7_Init 0 */
  36:Core/Src/tim.c **** 
  37:Core/Src/tim.c ****   TIM_MasterConfigTypeDef sMasterConfig = {0};
  38              		.loc 1 37 3 view .LVU1
  39              		.loc 1 37 27 is_stmt 0 view .LVU2
  40 0004 0023     		movs	r3, #0
  41 0006 0093     		str	r3, [sp]
  42 0008 0193     		str	r3, [sp, #4]
  38:Core/Src/tim.c **** 
  39:Core/Src/tim.c ****   /* USER CODE BEGIN TIM7_Init 1 */
  40:Core/Src/tim.c **** 
  41:Core/Src/tim.c ****   /* USER CODE END TIM7_Init 1 */
  42:Core/Src/tim.c ****   htim7.Instance = TIM7;
  43              		.loc 1 42 3 is_stmt 1 view .LVU3
  44              		.loc 1 42 18 is_stmt 0 view .LVU4
  45 000a 0F48     		ldr	r0, .L7
  46 000c 0F4A     		ldr	r2, .L7+4
  47 000e 0260     		str	r2, [r0]
  43:Core/Src/tim.c ****   htim7.Init.Prescaler = 72-1;
  48              		.loc 1 43 3 is_stmt 1 view .LVU5
  49              		.loc 1 43 24 is_stmt 0 view .LVU6
  50 0010 4722     		movs	r2, #71
  51 0012 4260     		str	r2, [r0, #4]
  44:Core/Src/tim.c ****   htim7.Init.CounterMode = TIM_COUNTERMODE_UP;
  52              		.loc 1 44 3 is_stmt 1 view .LVU7
  53              		.loc 1 44 26 is_stmt 0 view .LVU8
  54 0014 8360     		str	r3, [r0, #8]
  45:Core/Src/tim.c ****   htim7.Init.Period = 5000-1;
  55              		.loc 1 45 3 is_stmt 1 view .LVU9
  56              		.loc 1 45 21 is_stmt 0 view .LVU10
  57 0016 41F28733 		movw	r3, #4999
  58 001a C360     		str	r3, [r0, #12]
  46:Core/Src/tim.c ****   htim7.Init.AutoReloadPreload = TIM_AUTORELOAD_PRELOAD_ENABLE;
  59              		.loc 1 46 3 is_stmt 1 view .LVU11
  60              		.loc 1 46 32 is_stmt 0 view .LVU12
  61 001c 8023     		movs	r3, #128
  62 001e 8361     		str	r3, [r0, #24]
  47:Core/Src/tim.c ****   if (HAL_TIM_Base_Init(&htim7) != HAL_OK)
  63              		.loc 1 47 3 is_stmt 1 view .LVU13
  64              		.loc 1 47 7 is_stmt 0 view .LVU14
  65 0020 FFF7FEFF 		bl	HAL_TIM_Base_Init
  66              	.LVL0:
  67              		.loc 1 47 6 discriminator 1 view .LVU15
  68 0024 50B9     		cbnz	r0, .L5
ARM GAS  C:\Users\BaiJiang\AppData\Local\Temp\cc05GZts.s 			page 3


  69              	.L2:
  48:Core/Src/tim.c ****   {
  49:Core/Src/tim.c ****     Error_Handler();
  50:Core/Src/tim.c ****   }
  51:Core/Src/tim.c ****   sMasterConfig.MasterOutputTrigger = TIM_TRGO_RESET;
  70              		.loc 1 51 3 is_stmt 1 view .LVU16
  71              		.loc 1 51 37 is_stmt 0 view .LVU17
  72 0026 0023     		movs	r3, #0
  73 0028 0093     		str	r3, [sp]
  52:Core/Src/tim.c ****   sMasterConfig.MasterSlaveMode = TIM_MASTERSLAVEMODE_DISABLE;
  74              		.loc 1 52 3 is_stmt 1 view .LVU18
  75              		.loc 1 52 33 is_stmt 0 view .LVU19
  76 002a 0193     		str	r3, [sp, #4]
  53:Core/Src/tim.c ****   if (HAL_TIMEx_MasterConfigSynchronization(&htim7, &sMasterConfig) != HAL_OK)
  77              		.loc 1 53 3 is_stmt 1 view .LVU20
  78              		.loc 1 53 7 is_stmt 0 view .LVU21
  79 002c 6946     		mov	r1, sp
  80 002e 0648     		ldr	r0, .L7
  81 0030 FFF7FEFF 		bl	HAL_TIMEx_MasterConfigSynchronization
  82              	.LVL1:
  83              		.loc 1 53 6 discriminator 1 view .LVU22
  84 0034 28B9     		cbnz	r0, .L6
  85              	.L1:
  54:Core/Src/tim.c ****   {
  55:Core/Src/tim.c ****     Error_Handler();
  56:Core/Src/tim.c ****   }
  57:Core/Src/tim.c ****   /* USER CODE BEGIN TIM7_Init 2 */
  58:Core/Src/tim.c **** 
  59:Core/Src/tim.c ****   /* USER CODE END TIM7_Init 2 */
  60:Core/Src/tim.c **** 
  61:Core/Src/tim.c **** }
  86              		.loc 1 61 1 view .LVU23
  87 0036 03B0     		add	sp, sp, #12
  88              	.LCFI2:
  89              		.cfi_remember_state
  90              		.cfi_def_cfa_offset 4
  91              		@ sp needed
  92 0038 5DF804FB 		ldr	pc, [sp], #4
  93              	.L5:
  94              	.LCFI3:
  95              		.cfi_restore_state
  49:Core/Src/tim.c ****   }
  96              		.loc 1 49 5 is_stmt 1 view .LVU24
  97 003c FFF7FEFF 		bl	Error_Handler
  98              	.LVL2:
  99 0040 F1E7     		b	.L2
 100              	.L6:
  55:Core/Src/tim.c ****   }
 101              		.loc 1 55 5 view .LVU25
 102 0042 FFF7FEFF 		bl	Error_Handler
 103              	.LVL3:
 104              		.loc 1 61 1 is_stmt 0 view .LVU26
 105 0046 F6E7     		b	.L1
 106              	.L8:
 107              		.align	2
 108              	.L7:
 109 0048 00000000 		.word	htim7
ARM GAS  C:\Users\BaiJiang\AppData\Local\Temp\cc05GZts.s 			page 4


 110 004c 00140040 		.word	1073746944
 111              		.cfi_endproc
 112              	.LFE65:
 114              		.section	.text.HAL_TIM_Base_MspInit,"ax",%progbits
 115              		.align	1
 116              		.global	HAL_TIM_Base_MspInit
 117              		.syntax unified
 118              		.thumb
 119              		.thumb_func
 121              	HAL_TIM_Base_MspInit:
 122              	.LVL4:
 123              	.LFB66:
  62:Core/Src/tim.c **** 
  63:Core/Src/tim.c **** void HAL_TIM_Base_MspInit(TIM_HandleTypeDef* tim_baseHandle)
  64:Core/Src/tim.c **** {
 124              		.loc 1 64 1 is_stmt 1 view -0
 125              		.cfi_startproc
 126              		@ args = 0, pretend = 0, frame = 8
 127              		@ frame_needed = 0, uses_anonymous_args = 0
  65:Core/Src/tim.c **** 
  66:Core/Src/tim.c ****   if(tim_baseHandle->Instance==TIM7)
 128              		.loc 1 66 3 view .LVU28
 129              		.loc 1 66 20 is_stmt 0 view .LVU29
 130 0000 0268     		ldr	r2, [r0]
 131              		.loc 1 66 5 view .LVU30
 132 0002 0E4B     		ldr	r3, .L16
 133 0004 9A42     		cmp	r2, r3
 134 0006 00D0     		beq	.L15
 135 0008 7047     		bx	lr
 136              	.L15:
  64:Core/Src/tim.c **** 
 137              		.loc 1 64 1 view .LVU31
 138 000a 00B5     		push	{lr}
 139              	.LCFI4:
 140              		.cfi_def_cfa_offset 4
 141              		.cfi_offset 14, -4
 142 000c 83B0     		sub	sp, sp, #12
 143              	.LCFI5:
 144              		.cfi_def_cfa_offset 16
  67:Core/Src/tim.c ****   {
  68:Core/Src/tim.c ****   /* USER CODE BEGIN TIM7_MspInit 0 */
  69:Core/Src/tim.c **** 
  70:Core/Src/tim.c ****   /* USER CODE END TIM7_MspInit 0 */
  71:Core/Src/tim.c ****     /* TIM7 clock enable */
  72:Core/Src/tim.c ****     __HAL_RCC_TIM7_CLK_ENABLE();
 145              		.loc 1 72 5 is_stmt 1 view .LVU32
 146              	.LBB2:
 147              		.loc 1 72 5 view .LVU33
 148              		.loc 1 72 5 view .LVU34
 149 000e 03F5FE33 		add	r3, r3, #130048
 150 0012 DA69     		ldr	r2, [r3, #28]
 151 0014 42F02002 		orr	r2, r2, #32
 152 0018 DA61     		str	r2, [r3, #28]
 153              		.loc 1 72 5 view .LVU35
 154 001a DB69     		ldr	r3, [r3, #28]
 155 001c 03F02003 		and	r3, r3, #32
 156 0020 0193     		str	r3, [sp, #4]
ARM GAS  C:\Users\BaiJiang\AppData\Local\Temp\cc05GZts.s 			page 5


 157              		.loc 1 72 5 view .LVU36
 158 0022 019B     		ldr	r3, [sp, #4]
 159              	.LBE2:
 160              		.loc 1 72 5 view .LVU37
  73:Core/Src/tim.c **** 
  74:Core/Src/tim.c ****     /* TIM7 interrupt Init */
  75:Core/Src/tim.c ****     HAL_NVIC_SetPriority(TIM7_IRQn, 2, 2);
 161              		.loc 1 75 5 view .LVU38
 162 0024 0222     		movs	r2, #2
 163 0026 1146     		mov	r1, r2
 164 0028 3720     		movs	r0, #55
 165              	.LVL5:
 166              		.loc 1 75 5 is_stmt 0 view .LVU39
 167 002a FFF7FEFF 		bl	HAL_NVIC_SetPriority
 168              	.LVL6:
  76:Core/Src/tim.c ****     HAL_NVIC_EnableIRQ(TIM7_IRQn);
 169              		.loc 1 76 5 is_stmt 1 view .LVU40
 170 002e 3720     		movs	r0, #55
 171 0030 FFF7FEFF 		bl	HAL_NVIC_EnableIRQ
 172              	.LVL7:
  77:Core/Src/tim.c ****   /* USER CODE BEGIN TIM7_MspInit 1 */
  78:Core/Src/tim.c **** 
  79:Core/Src/tim.c ****   /* USER CODE END TIM7_MspInit 1 */
  80:Core/Src/tim.c ****   }
  81:Core/Src/tim.c **** }
 173              		.loc 1 81 1 is_stmt 0 view .LVU41
 174 0034 03B0     		add	sp, sp, #12
 175              	.LCFI6:
 176              		.cfi_def_cfa_offset 4
 177              		@ sp needed
 178 0036 5DF804FB 		ldr	pc, [sp], #4
 179              	.L17:
 180 003a 00BF     		.align	2
 181              	.L16:
 182 003c 00140040 		.word	1073746944
 183              		.cfi_endproc
 184              	.LFE66:
 186              		.section	.text.HAL_TIM_Base_MspDeInit,"ax",%progbits
 187              		.align	1
 188              		.global	HAL_TIM_Base_MspDeInit
 189              		.syntax unified
 190              		.thumb
 191              		.thumb_func
 193              	HAL_TIM_Base_MspDeInit:
 194              	.LVL8:
 195              	.LFB67:
  82:Core/Src/tim.c **** 
  83:Core/Src/tim.c **** void HAL_TIM_Base_MspDeInit(TIM_HandleTypeDef* tim_baseHandle)
  84:Core/Src/tim.c **** {
 196              		.loc 1 84 1 is_stmt 1 view -0
 197              		.cfi_startproc
 198              		@ args = 0, pretend = 0, frame = 0
 199              		@ frame_needed = 0, uses_anonymous_args = 0
 200              		.loc 1 84 1 is_stmt 0 view .LVU43
 201 0000 08B5     		push	{r3, lr}
 202              	.LCFI7:
 203              		.cfi_def_cfa_offset 8
ARM GAS  C:\Users\BaiJiang\AppData\Local\Temp\cc05GZts.s 			page 6


 204              		.cfi_offset 3, -8
 205              		.cfi_offset 14, -4
  85:Core/Src/tim.c **** 
  86:Core/Src/tim.c ****   if(tim_baseHandle->Instance==TIM7)
 206              		.loc 1 86 3 is_stmt 1 view .LVU44
 207              		.loc 1 86 20 is_stmt 0 view .LVU45
 208 0002 0268     		ldr	r2, [r0]
 209              		.loc 1 86 5 view .LVU46
 210 0004 064B     		ldr	r3, .L22
 211 0006 9A42     		cmp	r2, r3
 212 0008 00D0     		beq	.L21
 213              	.LVL9:
 214              	.L18:
  87:Core/Src/tim.c ****   {
  88:Core/Src/tim.c ****   /* USER CODE BEGIN TIM7_MspDeInit 0 */
  89:Core/Src/tim.c **** 
  90:Core/Src/tim.c ****   /* USER CODE END TIM7_MspDeInit 0 */
  91:Core/Src/tim.c ****     /* Peripheral clock disable */
  92:Core/Src/tim.c ****     __HAL_RCC_TIM7_CLK_DISABLE();
  93:Core/Src/tim.c **** 
  94:Core/Src/tim.c ****     /* TIM7 interrupt Deinit */
  95:Core/Src/tim.c ****     HAL_NVIC_DisableIRQ(TIM7_IRQn);
  96:Core/Src/tim.c ****   /* USER CODE BEGIN TIM7_MspDeInit 1 */
  97:Core/Src/tim.c **** 
  98:Core/Src/tim.c ****   /* USER CODE END TIM7_MspDeInit 1 */
  99:Core/Src/tim.c ****   }
 100:Core/Src/tim.c **** }
 215              		.loc 1 100 1 view .LVU47
 216 000a 08BD     		pop	{r3, pc}
 217              	.LVL10:
 218              	.L21:
  92:Core/Src/tim.c **** 
 219              		.loc 1 92 5 is_stmt 1 view .LVU48
 220 000c 054A     		ldr	r2, .L22+4
 221 000e D369     		ldr	r3, [r2, #28]
 222 0010 23F02003 		bic	r3, r3, #32
 223 0014 D361     		str	r3, [r2, #28]
  95:Core/Src/tim.c ****   /* USER CODE BEGIN TIM7_MspDeInit 1 */
 224              		.loc 1 95 5 view .LVU49
 225 0016 3720     		movs	r0, #55
 226              	.LVL11:
  95:Core/Src/tim.c ****   /* USER CODE BEGIN TIM7_MspDeInit 1 */
 227              		.loc 1 95 5 is_stmt 0 view .LVU50
 228 0018 FFF7FEFF 		bl	HAL_NVIC_DisableIRQ
 229              	.LVL12:
 230              		.loc 1 100 1 view .LVU51
 231 001c F5E7     		b	.L18
 232              	.L23:
 233 001e 00BF     		.align	2
 234              	.L22:
 235 0020 00140040 		.word	1073746944
 236 0024 00100240 		.word	1073876992
 237              		.cfi_endproc
 238              	.LFE67:
 240              		.global	htim7
 241              		.section	.bss.htim7,"aw",%nobits
 242              		.align	2
ARM GAS  C:\Users\BaiJiang\AppData\Local\Temp\cc05GZts.s 			page 7


 245              	htim7:
 246 0000 00000000 		.space	72
 246      00000000 
 246      00000000 
 246      00000000 
 246      00000000 
 247              		.text
 248              	.Letext0:
 249              		.file 2 "Drivers/CMSIS/Device/ST/STM32F1xx/Include/stm32f103xe.h"
 250              		.file 3 "D:/GCC/xpack-arm-none-eabi-gcc-13.2.1-1.1/arm-none-eabi/include/machine/_default_types.h"
 251              		.file 4 "D:/GCC/xpack-arm-none-eabi-gcc-13.2.1-1.1/arm-none-eabi/include/sys/_stdint.h"
 252              		.file 5 "Drivers/STM32F1xx_HAL_Driver/Inc/stm32f1xx_hal_def.h"
 253              		.file 6 "Drivers/STM32F1xx_HAL_Driver/Inc/stm32f1xx_hal_dma.h"
 254              		.file 7 "Drivers/STM32F1xx_HAL_Driver/Inc/stm32f1xx_hal_tim.h"
 255              		.file 8 "Drivers/STM32F1xx_HAL_Driver/Inc/stm32f1xx_hal_cortex.h"
 256              		.file 9 "Drivers/STM32F1xx_HAL_Driver/Inc/stm32f1xx_hal_tim_ex.h"
 257              		.file 10 "Core/Inc/tim.h"
 258              		.file 11 "Core/Inc/main.h"
ARM GAS  C:\Users\BaiJiang\AppData\Local\Temp\cc05GZts.s 			page 8


DEFINED SYMBOLS
                            *ABS*:00000000 tim.c
C:\Users\BaiJiang\AppData\Local\Temp\cc05GZts.s:19     .text.MX_TIM7_Init:00000000 $t
C:\Users\BaiJiang\AppData\Local\Temp\cc05GZts.s:25     .text.MX_TIM7_Init:00000000 MX_TIM7_Init
C:\Users\BaiJiang\AppData\Local\Temp\cc05GZts.s:109    .text.MX_TIM7_Init:00000048 $d
C:\Users\BaiJiang\AppData\Local\Temp\cc05GZts.s:245    .bss.htim7:00000000 htim7
C:\Users\BaiJiang\AppData\Local\Temp\cc05GZts.s:115    .text.HAL_TIM_Base_MspInit:00000000 $t
C:\Users\BaiJiang\AppData\Local\Temp\cc05GZts.s:121    .text.HAL_TIM_Base_MspInit:00000000 HAL_TIM_Base_MspInit
C:\Users\BaiJiang\AppData\Local\Temp\cc05GZts.s:182    .text.HAL_TIM_Base_MspInit:0000003c $d
C:\Users\BaiJiang\AppData\Local\Temp\cc05GZts.s:187    .text.HAL_TIM_Base_MspDeInit:00000000 $t
C:\Users\BaiJiang\AppData\Local\Temp\cc05GZts.s:193    .text.HAL_TIM_Base_MspDeInit:00000000 HAL_TIM_Base_MspDeInit
C:\Users\BaiJiang\AppData\Local\Temp\cc05GZts.s:235    .text.HAL_TIM_Base_MspDeInit:00000020 $d
C:\Users\BaiJiang\AppData\Local\Temp\cc05GZts.s:242    .bss.htim7:00000000 $d

UNDEFINED SYMBOLS
HAL_TIM_Base_Init
HAL_TIMEx_MasterConfigSynchronization
Error_Handler
HAL_NVIC_SetPriority
HAL_NVIC_EnableIRQ
HAL_NVIC_DisableIRQ
