ARM GAS  C:\Users\BaiJiang\AppData\Local\Temp\cclq6cHV.s 			page 1


   1              		.cpu cortex-m3
   2              		.arch armv7-m
   3              		.fpu softvfp
   4              		.eabi_attribute 20, 1
   5              		.eabi_attribute 21, 1
   6              		.eabi_attribute 23, 3
   7              		.eabi_attribute 24, 1
   8              		.eabi_attribute 25, 1
   9              		.eabi_attribute 26, 1
  10              		.eabi_attribute 30, 1
  11              		.eabi_attribute 34, 1
  12              		.eabi_attribute 18, 4
  13              		.file	"usb.c"
  14              		.text
  15              	.Ltext0:
  16              		.cfi_sections	.debug_frame
  17              		.file 1 "Core/Src/usb.c"
  18              		.section	.text.MX_USB_PCD_Init,"ax",%progbits
  19              		.align	1
  20              		.global	MX_USB_PCD_Init
  21              		.syntax unified
  22              		.thumb
  23              		.thumb_func
  25              	MX_USB_PCD_Init:
  26              	.LFB65:
   1:Core/Src/usb.c **** /* USER CODE BEGIN Header */
   2:Core/Src/usb.c **** /**
   3:Core/Src/usb.c ****   ******************************************************************************
   4:Core/Src/usb.c ****   * @file    usb.c
   5:Core/Src/usb.c ****   * @brief   This file provides code for the configuration
   6:Core/Src/usb.c ****   *          of the USB instances.
   7:Core/Src/usb.c ****   ******************************************************************************
   8:Core/Src/usb.c ****   * @attention
   9:Core/Src/usb.c ****   *
  10:Core/Src/usb.c ****   * Copyright (c) 2026 STMicroelectronics.
  11:Core/Src/usb.c ****   * All rights reserved.
  12:Core/Src/usb.c ****   *
  13:Core/Src/usb.c ****   * This software is licensed under terms that can be found in the LICENSE file
  14:Core/Src/usb.c ****   * in the root directory of this software component.
  15:Core/Src/usb.c ****   * If no LICENSE file comes with this software, it is provided AS-IS.
  16:Core/Src/usb.c ****   *
  17:Core/Src/usb.c ****   ******************************************************************************
  18:Core/Src/usb.c ****   */
  19:Core/Src/usb.c **** /* USER CODE END Header */
  20:Core/Src/usb.c **** /* Includes ------------------------------------------------------------------*/
  21:Core/Src/usb.c **** #include "usb.h"
  22:Core/Src/usb.c **** 
  23:Core/Src/usb.c **** /* USER CODE BEGIN 0 */
  24:Core/Src/usb.c **** 
  25:Core/Src/usb.c **** /* USER CODE END 0 */
  26:Core/Src/usb.c **** 
  27:Core/Src/usb.c **** PCD_HandleTypeDef hpcd_USB_FS;
  28:Core/Src/usb.c **** 
  29:Core/Src/usb.c **** /* USB init function */
  30:Core/Src/usb.c **** 
  31:Core/Src/usb.c **** void MX_USB_PCD_Init(void)
  32:Core/Src/usb.c **** {
ARM GAS  C:\Users\BaiJiang\AppData\Local\Temp\cclq6cHV.s 			page 2


  27              		.loc 1 32 1 view -0
  28              		.cfi_startproc
  29              		@ args = 0, pretend = 0, frame = 0
  30              		@ frame_needed = 0, uses_anonymous_args = 0
  31 0000 08B5     		push	{r3, lr}
  32              	.LCFI0:
  33              		.cfi_def_cfa_offset 8
  34              		.cfi_offset 3, -8
  35              		.cfi_offset 14, -4
  33:Core/Src/usb.c **** 
  34:Core/Src/usb.c ****   /* USER CODE BEGIN USB_Init 0 */
  35:Core/Src/usb.c **** 
  36:Core/Src/usb.c ****   /* USER CODE END USB_Init 0 */
  37:Core/Src/usb.c **** 
  38:Core/Src/usb.c ****   /* USER CODE BEGIN USB_Init 1 */
  39:Core/Src/usb.c **** 
  40:Core/Src/usb.c ****   /* USER CODE END USB_Init 1 */
  41:Core/Src/usb.c ****   hpcd_USB_FS.Instance = USB;
  36              		.loc 1 41 3 view .LVU1
  37              		.loc 1 41 24 is_stmt 0 view .LVU2
  38 0002 0948     		ldr	r0, .L5
  39 0004 094B     		ldr	r3, .L5+4
  40 0006 0360     		str	r3, [r0]
  42:Core/Src/usb.c ****   hpcd_USB_FS.Init.dev_endpoints = 8;
  41              		.loc 1 42 3 is_stmt 1 view .LVU3
  42              		.loc 1 42 34 is_stmt 0 view .LVU4
  43 0008 0823     		movs	r3, #8
  44 000a 0371     		strb	r3, [r0, #4]
  43:Core/Src/usb.c ****   hpcd_USB_FS.Init.speed = PCD_SPEED_FULL;
  45              		.loc 1 43 3 is_stmt 1 view .LVU5
  46              		.loc 1 43 26 is_stmt 0 view .LVU6
  47 000c 0223     		movs	r3, #2
  48 000e 8371     		strb	r3, [r0, #6]
  44:Core/Src/usb.c ****   hpcd_USB_FS.Init.low_power_enable = DISABLE;
  49              		.loc 1 44 3 is_stmt 1 view .LVU7
  50              		.loc 1 44 37 is_stmt 0 view .LVU8
  51 0010 0023     		movs	r3, #0
  52 0012 8372     		strb	r3, [r0, #10]
  45:Core/Src/usb.c ****   hpcd_USB_FS.Init.lpm_enable = DISABLE;
  53              		.loc 1 45 3 is_stmt 1 view .LVU9
  54              		.loc 1 45 31 is_stmt 0 view .LVU10
  55 0014 C372     		strb	r3, [r0, #11]
  46:Core/Src/usb.c ****   hpcd_USB_FS.Init.battery_charging_enable = DISABLE;
  56              		.loc 1 46 3 is_stmt 1 view .LVU11
  57              		.loc 1 46 44 is_stmt 0 view .LVU12
  58 0016 0373     		strb	r3, [r0, #12]
  47:Core/Src/usb.c ****   if (HAL_PCD_Init(&hpcd_USB_FS) != HAL_OK)
  59              		.loc 1 47 3 is_stmt 1 view .LVU13
  60              		.loc 1 47 7 is_stmt 0 view .LVU14
  61 0018 FFF7FEFF 		bl	HAL_PCD_Init
  62              	.LVL0:
  63              		.loc 1 47 6 discriminator 1 view .LVU15
  64 001c 00B9     		cbnz	r0, .L4
  65              	.L1:
  48:Core/Src/usb.c ****   {
  49:Core/Src/usb.c ****     Error_Handler();
  50:Core/Src/usb.c ****   }
ARM GAS  C:\Users\BaiJiang\AppData\Local\Temp\cclq6cHV.s 			page 3


  51:Core/Src/usb.c ****   /* USER CODE BEGIN USB_Init 2 */
  52:Core/Src/usb.c **** 
  53:Core/Src/usb.c ****   /* USER CODE END USB_Init 2 */
  54:Core/Src/usb.c **** 
  55:Core/Src/usb.c **** }
  66              		.loc 1 55 1 view .LVU16
  67 001e 08BD     		pop	{r3, pc}
  68              	.L4:
  49:Core/Src/usb.c ****   }
  69              		.loc 1 49 5 is_stmt 1 view .LVU17
  70 0020 FFF7FEFF 		bl	Error_Handler
  71              	.LVL1:
  72              		.loc 1 55 1 is_stmt 0 view .LVU18
  73 0024 FBE7     		b	.L1
  74              	.L6:
  75 0026 00BF     		.align	2
  76              	.L5:
  77 0028 00000000 		.word	hpcd_USB_FS
  78 002c 005C0040 		.word	1073765376
  79              		.cfi_endproc
  80              	.LFE65:
  82              		.section	.text.HAL_PCD_MspInit,"ax",%progbits
  83              		.align	1
  84              		.global	HAL_PCD_MspInit
  85              		.syntax unified
  86              		.thumb
  87              		.thumb_func
  89              	HAL_PCD_MspInit:
  90              	.LVL2:
  91              	.LFB66:
  56:Core/Src/usb.c **** 
  57:Core/Src/usb.c **** void HAL_PCD_MspInit(PCD_HandleTypeDef* pcdHandle)
  58:Core/Src/usb.c **** {
  92              		.loc 1 58 1 is_stmt 1 view -0
  93              		.cfi_startproc
  94              		@ args = 0, pretend = 0, frame = 8
  95              		@ frame_needed = 0, uses_anonymous_args = 0
  59:Core/Src/usb.c **** 
  60:Core/Src/usb.c ****   if(pcdHandle->Instance==USB)
  96              		.loc 1 60 3 view .LVU20
  97              		.loc 1 60 15 is_stmt 0 view .LVU21
  98 0000 0268     		ldr	r2, [r0]
  99              		.loc 1 60 5 view .LVU22
 100 0002 124B     		ldr	r3, .L14
 101 0004 9A42     		cmp	r2, r3
 102 0006 00D0     		beq	.L13
 103 0008 7047     		bx	lr
 104              	.L13:
  58:Core/Src/usb.c **** 
 105              		.loc 1 58 1 view .LVU23
 106 000a 00B5     		push	{lr}
 107              	.LCFI1:
 108              		.cfi_def_cfa_offset 4
 109              		.cfi_offset 14, -4
 110 000c 83B0     		sub	sp, sp, #12
 111              	.LCFI2:
 112              		.cfi_def_cfa_offset 16
ARM GAS  C:\Users\BaiJiang\AppData\Local\Temp\cclq6cHV.s 			page 4


  61:Core/Src/usb.c ****   {
  62:Core/Src/usb.c ****   /* USER CODE BEGIN USB_MspInit 0 */
  63:Core/Src/usb.c **** 
  64:Core/Src/usb.c ****   /* USER CODE END USB_MspInit 0 */
  65:Core/Src/usb.c ****     /* USB clock enable */
  66:Core/Src/usb.c ****     __HAL_RCC_USB_CLK_ENABLE();
 113              		.loc 1 66 5 is_stmt 1 view .LVU24
 114              	.LBB2:
 115              		.loc 1 66 5 view .LVU25
 116              		.loc 1 66 5 view .LVU26
 117 000e 03F5DA33 		add	r3, r3, #111616
 118 0012 DA69     		ldr	r2, [r3, #28]
 119 0014 42F40002 		orr	r2, r2, #8388608
 120 0018 DA61     		str	r2, [r3, #28]
 121              		.loc 1 66 5 view .LVU27
 122 001a DB69     		ldr	r3, [r3, #28]
 123 001c 03F40003 		and	r3, r3, #8388608
 124 0020 0193     		str	r3, [sp, #4]
 125              		.loc 1 66 5 view .LVU28
 126 0022 019B     		ldr	r3, [sp, #4]
 127              	.LBE2:
 128              		.loc 1 66 5 view .LVU29
  67:Core/Src/usb.c **** 
  68:Core/Src/usb.c ****     /* USB interrupt Init */
  69:Core/Src/usb.c ****     HAL_NVIC_SetPriority(USB_HP_CAN1_TX_IRQn, 0, 0);
 129              		.loc 1 69 5 view .LVU30
 130 0024 0022     		movs	r2, #0
 131 0026 1146     		mov	r1, r2
 132 0028 1320     		movs	r0, #19
 133              	.LVL3:
 134              		.loc 1 69 5 is_stmt 0 view .LVU31
 135 002a FFF7FEFF 		bl	HAL_NVIC_SetPriority
 136              	.LVL4:
  70:Core/Src/usb.c ****     HAL_NVIC_EnableIRQ(USB_HP_CAN1_TX_IRQn);
 137              		.loc 1 70 5 is_stmt 1 view .LVU32
 138 002e 1320     		movs	r0, #19
 139 0030 FFF7FEFF 		bl	HAL_NVIC_EnableIRQ
 140              	.LVL5:
  71:Core/Src/usb.c ****     HAL_NVIC_SetPriority(USB_LP_CAN1_RX0_IRQn, 0, 0);
 141              		.loc 1 71 5 view .LVU33
 142 0034 0022     		movs	r2, #0
 143 0036 1146     		mov	r1, r2
 144 0038 1420     		movs	r0, #20
 145 003a FFF7FEFF 		bl	HAL_NVIC_SetPriority
 146              	.LVL6:
  72:Core/Src/usb.c ****     HAL_NVIC_EnableIRQ(USB_LP_CAN1_RX0_IRQn);
 147              		.loc 1 72 5 view .LVU34
 148 003e 1420     		movs	r0, #20
 149 0040 FFF7FEFF 		bl	HAL_NVIC_EnableIRQ
 150              	.LVL7:
  73:Core/Src/usb.c ****   /* USER CODE BEGIN USB_MspInit 1 */
  74:Core/Src/usb.c **** 
  75:Core/Src/usb.c ****   /* USER CODE END USB_MspInit 1 */
  76:Core/Src/usb.c ****   }
  77:Core/Src/usb.c **** }
 151              		.loc 1 77 1 is_stmt 0 view .LVU35
 152 0044 03B0     		add	sp, sp, #12
ARM GAS  C:\Users\BaiJiang\AppData\Local\Temp\cclq6cHV.s 			page 5


 153              	.LCFI3:
 154              		.cfi_def_cfa_offset 4
 155              		@ sp needed
 156 0046 5DF804FB 		ldr	pc, [sp], #4
 157              	.L15:
 158 004a 00BF     		.align	2
 159              	.L14:
 160 004c 005C0040 		.word	1073765376
 161              		.cfi_endproc
 162              	.LFE66:
 164              		.section	.text.HAL_PCD_MspDeInit,"ax",%progbits
 165              		.align	1
 166              		.global	HAL_PCD_MspDeInit
 167              		.syntax unified
 168              		.thumb
 169              		.thumb_func
 171              	HAL_PCD_MspDeInit:
 172              	.LVL8:
 173              	.LFB67:
  78:Core/Src/usb.c **** 
  79:Core/Src/usb.c **** void HAL_PCD_MspDeInit(PCD_HandleTypeDef* pcdHandle)
  80:Core/Src/usb.c **** {
 174              		.loc 1 80 1 is_stmt 1 view -0
 175              		.cfi_startproc
 176              		@ args = 0, pretend = 0, frame = 0
 177              		@ frame_needed = 0, uses_anonymous_args = 0
 178              		.loc 1 80 1 is_stmt 0 view .LVU37
 179 0000 08B5     		push	{r3, lr}
 180              	.LCFI4:
 181              		.cfi_def_cfa_offset 8
 182              		.cfi_offset 3, -8
 183              		.cfi_offset 14, -4
  81:Core/Src/usb.c **** 
  82:Core/Src/usb.c ****   if(pcdHandle->Instance==USB)
 184              		.loc 1 82 3 is_stmt 1 view .LVU38
 185              		.loc 1 82 15 is_stmt 0 view .LVU39
 186 0002 0268     		ldr	r2, [r0]
 187              		.loc 1 82 5 view .LVU40
 188 0004 074B     		ldr	r3, .L20
 189 0006 9A42     		cmp	r2, r3
 190 0008 00D0     		beq	.L19
 191              	.LVL9:
 192              	.L16:
  83:Core/Src/usb.c ****   {
  84:Core/Src/usb.c ****   /* USER CODE BEGIN USB_MspDeInit 0 */
  85:Core/Src/usb.c **** 
  86:Core/Src/usb.c ****   /* USER CODE END USB_MspDeInit 0 */
  87:Core/Src/usb.c ****     /* Peripheral clock disable */
  88:Core/Src/usb.c ****     __HAL_RCC_USB_CLK_DISABLE();
  89:Core/Src/usb.c **** 
  90:Core/Src/usb.c ****     /* USB interrupt Deinit */
  91:Core/Src/usb.c ****     HAL_NVIC_DisableIRQ(USB_HP_CAN1_TX_IRQn);
  92:Core/Src/usb.c ****     HAL_NVIC_DisableIRQ(USB_LP_CAN1_RX0_IRQn);
  93:Core/Src/usb.c ****   /* USER CODE BEGIN USB_MspDeInit 1 */
  94:Core/Src/usb.c **** 
  95:Core/Src/usb.c ****   /* USER CODE END USB_MspDeInit 1 */
  96:Core/Src/usb.c ****   }
ARM GAS  C:\Users\BaiJiang\AppData\Local\Temp\cclq6cHV.s 			page 6


  97:Core/Src/usb.c **** }
 193              		.loc 1 97 1 view .LVU41
 194 000a 08BD     		pop	{r3, pc}
 195              	.LVL10:
 196              	.L19:
  88:Core/Src/usb.c **** 
 197              		.loc 1 88 5 is_stmt 1 view .LVU42
 198 000c 064A     		ldr	r2, .L20+4
 199 000e D369     		ldr	r3, [r2, #28]
 200 0010 23F40003 		bic	r3, r3, #8388608
 201 0014 D361     		str	r3, [r2, #28]
  91:Core/Src/usb.c ****     HAL_NVIC_DisableIRQ(USB_LP_CAN1_RX0_IRQn);
 202              		.loc 1 91 5 view .LVU43
 203 0016 1320     		movs	r0, #19
 204              	.LVL11:
  91:Core/Src/usb.c ****     HAL_NVIC_DisableIRQ(USB_LP_CAN1_RX0_IRQn);
 205              		.loc 1 91 5 is_stmt 0 view .LVU44
 206 0018 FFF7FEFF 		bl	HAL_NVIC_DisableIRQ
 207              	.LVL12:
  92:Core/Src/usb.c ****   /* USER CODE BEGIN USB_MspDeInit 1 */
 208              		.loc 1 92 5 is_stmt 1 view .LVU45
 209 001c 1420     		movs	r0, #20
 210 001e FFF7FEFF 		bl	HAL_NVIC_DisableIRQ
 211              	.LVL13:
 212              		.loc 1 97 1 is_stmt 0 view .LVU46
 213 0022 F2E7     		b	.L16
 214              	.L21:
 215              		.align	2
 216              	.L20:
 217 0024 005C0040 		.word	1073765376
 218 0028 00100240 		.word	1073876992
 219              		.cfi_endproc
 220              	.LFE67:
 222              		.global	hpcd_USB_FS
 223              		.section	.bss.hpcd_USB_FS,"aw",%nobits
 224              		.align	2
 227              	hpcd_USB_FS:
 228 0000 00000000 		.space	728
 228      00000000 
 228      00000000 
 228      00000000 
 228      00000000 
 229              		.text
 230              	.Letext0:
 231              		.file 2 "Drivers/CMSIS/Device/ST/STM32F1xx/Include/stm32f103xe.h"
 232              		.file 3 "D:/GCC/xpack-arm-none-eabi-gcc-13.2.1-1.1/arm-none-eabi/include/machine/_default_types.h"
 233              		.file 4 "D:/GCC/xpack-arm-none-eabi-gcc-13.2.1-1.1/arm-none-eabi/include/sys/_stdint.h"
 234              		.file 5 "Drivers/CMSIS/Device/ST/STM32F1xx/Include/stm32f1xx.h"
 235              		.file 6 "Drivers/STM32F1xx_HAL_Driver/Inc/stm32f1xx_hal_def.h"
 236              		.file 7 "Drivers/STM32F1xx_HAL_Driver/Inc/stm32f1xx_ll_usb.h"
 237              		.file 8 "Drivers/STM32F1xx_HAL_Driver/Inc/stm32f1xx_hal_pcd.h"
 238              		.file 9 "Drivers/STM32F1xx_HAL_Driver/Inc/stm32f1xx_hal_cortex.h"
 239              		.file 10 "Core/Inc/usb.h"
 240              		.file 11 "Core/Inc/main.h"
ARM GAS  C:\Users\BaiJiang\AppData\Local\Temp\cclq6cHV.s 			page 7


DEFINED SYMBOLS
                            *ABS*:00000000 usb.c
C:\Users\BaiJiang\AppData\Local\Temp\cclq6cHV.s:19     .text.MX_USB_PCD_Init:00000000 $t
C:\Users\BaiJiang\AppData\Local\Temp\cclq6cHV.s:25     .text.MX_USB_PCD_Init:00000000 MX_USB_PCD_Init
C:\Users\BaiJiang\AppData\Local\Temp\cclq6cHV.s:77     .text.MX_USB_PCD_Init:00000028 $d
C:\Users\BaiJiang\AppData\Local\Temp\cclq6cHV.s:227    .bss.hpcd_USB_FS:00000000 hpcd_USB_FS
C:\Users\BaiJiang\AppData\Local\Temp\cclq6cHV.s:83     .text.HAL_PCD_MspInit:00000000 $t
C:\Users\BaiJiang\AppData\Local\Temp\cclq6cHV.s:89     .text.HAL_PCD_MspInit:00000000 HAL_PCD_MspInit
C:\Users\BaiJiang\AppData\Local\Temp\cclq6cHV.s:160    .text.HAL_PCD_MspInit:0000004c $d
C:\Users\BaiJiang\AppData\Local\Temp\cclq6cHV.s:165    .text.HAL_PCD_MspDeInit:00000000 $t
C:\Users\BaiJiang\AppData\Local\Temp\cclq6cHV.s:171    .text.HAL_PCD_MspDeInit:00000000 HAL_PCD_MspDeInit
C:\Users\BaiJiang\AppData\Local\Temp\cclq6cHV.s:217    .text.HAL_PCD_MspDeInit:00000024 $d
C:\Users\BaiJiang\AppData\Local\Temp\cclq6cHV.s:224    .bss.hpcd_USB_FS:00000000 $d

UNDEFINED SYMBOLS
HAL_PCD_Init
Error_Handler
HAL_NVIC_SetPriority
HAL_NVIC_EnableIRQ
HAL_NVIC_DisableIRQ
