ARM GAS  C:\Users\BaiJiang\AppData\Local\Temp\ccJxQDMF.s 			page 1


   1              		.cpu cortex-m3
   2              		.arch armv7-m
   3              		.fpu softvfp
   4              		.eabi_attribute 20, 1
   5              		.eabi_attribute 21, 1
   6              		.eabi_attribute 23, 3
   7              		.eabi_attribute 24, 1
   8              		.eabi_attribute 25, 1
   9              		.eabi_attribute 26, 1
  10              		.eabi_attribute 30, 1
  11              		.eabi_attribute 34, 1
  12              		.eabi_attribute 18, 4
  13              		.file	"stm32f1xx_it.c"
  14              		.text
  15              	.Ltext0:
  16              		.cfi_sections	.debug_frame
  17              		.file 1 "Core/Src/stm32f1xx_it.c"
  18              		.section	.text.NMI_Handler,"ax",%progbits
  19              		.align	1
  20              		.global	NMI_Handler
  21              		.syntax unified
  22              		.thumb
  23              		.thumb_func
  25              	NMI_Handler:
  26              	.LFB68:
   1:Core/Src/stm32f1xx_it.c **** /* USER CODE BEGIN Header */
   2:Core/Src/stm32f1xx_it.c **** /**
   3:Core/Src/stm32f1xx_it.c ****   ******************************************************************************
   4:Core/Src/stm32f1xx_it.c ****   * @file    stm32f1xx_it.c
   5:Core/Src/stm32f1xx_it.c ****   * @brief   Interrupt Service Routines.
   6:Core/Src/stm32f1xx_it.c ****   ******************************************************************************
   7:Core/Src/stm32f1xx_it.c ****   * @attention
   8:Core/Src/stm32f1xx_it.c ****   *
   9:Core/Src/stm32f1xx_it.c ****   * Copyright (c) 2026 STMicroelectronics.
  10:Core/Src/stm32f1xx_it.c ****   * All rights reserved.
  11:Core/Src/stm32f1xx_it.c ****   *
  12:Core/Src/stm32f1xx_it.c ****   * This software is licensed under terms that can be found in the LICENSE file
  13:Core/Src/stm32f1xx_it.c ****   * in the root directory of this software component.
  14:Core/Src/stm32f1xx_it.c ****   * If no LICENSE file comes with this software, it is provided AS-IS.
  15:Core/Src/stm32f1xx_it.c ****   *
  16:Core/Src/stm32f1xx_it.c ****   ******************************************************************************
  17:Core/Src/stm32f1xx_it.c ****   */
  18:Core/Src/stm32f1xx_it.c **** /* USER CODE END Header */
  19:Core/Src/stm32f1xx_it.c **** 
  20:Core/Src/stm32f1xx_it.c **** /* Includes ------------------------------------------------------------------*/
  21:Core/Src/stm32f1xx_it.c **** #include "main.h"
  22:Core/Src/stm32f1xx_it.c **** #include "stm32f1xx_it.h"
  23:Core/Src/stm32f1xx_it.c **** /* Private includes ----------------------------------------------------------*/
  24:Core/Src/stm32f1xx_it.c **** /* USER CODE BEGIN Includes */
  25:Core/Src/stm32f1xx_it.c **** /* USER CODE END Includes */
  26:Core/Src/stm32f1xx_it.c **** 
  27:Core/Src/stm32f1xx_it.c **** /* Private typedef -----------------------------------------------------------*/
  28:Core/Src/stm32f1xx_it.c **** /* USER CODE BEGIN TD */
  29:Core/Src/stm32f1xx_it.c **** 
  30:Core/Src/stm32f1xx_it.c **** /* USER CODE END TD */
  31:Core/Src/stm32f1xx_it.c **** 
  32:Core/Src/stm32f1xx_it.c **** /* Private define ------------------------------------------------------------*/
ARM GAS  C:\Users\BaiJiang\AppData\Local\Temp\ccJxQDMF.s 			page 2


  33:Core/Src/stm32f1xx_it.c **** /* USER CODE BEGIN PD */
  34:Core/Src/stm32f1xx_it.c **** 
  35:Core/Src/stm32f1xx_it.c **** /* USER CODE END PD */
  36:Core/Src/stm32f1xx_it.c **** 
  37:Core/Src/stm32f1xx_it.c **** /* Private macro -------------------------------------------------------------*/
  38:Core/Src/stm32f1xx_it.c **** /* USER CODE BEGIN PM */
  39:Core/Src/stm32f1xx_it.c **** 
  40:Core/Src/stm32f1xx_it.c **** /* USER CODE END PM */
  41:Core/Src/stm32f1xx_it.c **** 
  42:Core/Src/stm32f1xx_it.c **** /* Private variables ---------------------------------------------------------*/
  43:Core/Src/stm32f1xx_it.c **** /* USER CODE BEGIN PV */
  44:Core/Src/stm32f1xx_it.c **** 
  45:Core/Src/stm32f1xx_it.c **** /* USER CODE END PV */
  46:Core/Src/stm32f1xx_it.c **** 
  47:Core/Src/stm32f1xx_it.c **** /* Private function prototypes -----------------------------------------------*/
  48:Core/Src/stm32f1xx_it.c **** /* USER CODE BEGIN PFP */
  49:Core/Src/stm32f1xx_it.c **** 
  50:Core/Src/stm32f1xx_it.c **** /* USER CODE END PFP */
  51:Core/Src/stm32f1xx_it.c **** 
  52:Core/Src/stm32f1xx_it.c **** /* Private user code ---------------------------------------------------------*/
  53:Core/Src/stm32f1xx_it.c **** /* USER CODE BEGIN 0 */
  54:Core/Src/stm32f1xx_it.c **** 
  55:Core/Src/stm32f1xx_it.c **** /* USER CODE END 0 */
  56:Core/Src/stm32f1xx_it.c **** 
  57:Core/Src/stm32f1xx_it.c **** /* External variables --------------------------------------------------------*/
  58:Core/Src/stm32f1xx_it.c **** extern PCD_HandleTypeDef hpcd_USB_FS;
  59:Core/Src/stm32f1xx_it.c **** extern TIM_HandleTypeDef htim7;
  60:Core/Src/stm32f1xx_it.c **** extern TIM_HandleTypeDef htim6;
  61:Core/Src/stm32f1xx_it.c **** 
  62:Core/Src/stm32f1xx_it.c **** /* USER CODE BEGIN EV */
  63:Core/Src/stm32f1xx_it.c **** #include "KEY.h"
  64:Core/Src/stm32f1xx_it.c **** #include "usb_device.h"
  65:Core/Src/stm32f1xx_it.c **** extern KEY_HandleTypeDef key_handler;
  66:Core/Src/stm32f1xx_it.c **** extern uint8_t report[6+15+1];
  67:Core/Src/stm32f1xx_it.c **** extern uint8_t report1[0x14];
  68:Core/Src/stm32f1xx_it.c **** uint8_t USBD_CUSTOM_HID_SendReport_ep(USBD_HandleTypeDef  *pdev,
  69:Core/Src/stm32f1xx_it.c ****                                    uint8_t *report,
  70:Core/Src/stm32f1xx_it.c ****                                    uint16_t len,uint8_t ep);
  71:Core/Src/stm32f1xx_it.c **** extern USBD_HandleTypeDef hUsbDeviceFS;
  72:Core/Src/stm32f1xx_it.c **** /* USER CODE END EV */
  73:Core/Src/stm32f1xx_it.c **** 
  74:Core/Src/stm32f1xx_it.c **** /******************************************************************************/
  75:Core/Src/stm32f1xx_it.c **** /*           Cortex-M3 Processor Interruption and Exception Handlers          */
  76:Core/Src/stm32f1xx_it.c **** /******************************************************************************/
  77:Core/Src/stm32f1xx_it.c **** /**
  78:Core/Src/stm32f1xx_it.c ****   * @brief This function handles Non maskable interrupt.
  79:Core/Src/stm32f1xx_it.c ****   */
  80:Core/Src/stm32f1xx_it.c **** void NMI_Handler(void)
  81:Core/Src/stm32f1xx_it.c **** {
  27              		.loc 1 81 1 view -0
  28              		.cfi_startproc
  29              		@ Volatile: function does not return.
  30              		@ args = 0, pretend = 0, frame = 0
  31              		@ frame_needed = 0, uses_anonymous_args = 0
  32              		@ link register save eliminated.
  33              	.L2:
  82:Core/Src/stm32f1xx_it.c ****   /* USER CODE BEGIN NonMaskableInt_IRQn 0 */
ARM GAS  C:\Users\BaiJiang\AppData\Local\Temp\ccJxQDMF.s 			page 3


  83:Core/Src/stm32f1xx_it.c **** 
  84:Core/Src/stm32f1xx_it.c ****   /* USER CODE END NonMaskableInt_IRQn 0 */
  85:Core/Src/stm32f1xx_it.c ****   /* USER CODE BEGIN NonMaskableInt_IRQn 1 */
  86:Core/Src/stm32f1xx_it.c ****    while (1)
  34              		.loc 1 86 4 view .LVU1
  87:Core/Src/stm32f1xx_it.c ****   {
  88:Core/Src/stm32f1xx_it.c ****   }
  35              		.loc 1 88 3 view .LVU2
  86:Core/Src/stm32f1xx_it.c ****   {
  36              		.loc 1 86 10 view .LVU3
  37 0000 FEE7     		b	.L2
  38              		.cfi_endproc
  39              	.LFE68:
  41              		.section	.text.HardFault_Handler,"ax",%progbits
  42              		.align	1
  43              		.global	HardFault_Handler
  44              		.syntax unified
  45              		.thumb
  46              		.thumb_func
  48              	HardFault_Handler:
  49              	.LFB69:
  89:Core/Src/stm32f1xx_it.c ****   /* USER CODE END NonMaskableInt_IRQn 1 */
  90:Core/Src/stm32f1xx_it.c **** }
  91:Core/Src/stm32f1xx_it.c **** 
  92:Core/Src/stm32f1xx_it.c **** /**
  93:Core/Src/stm32f1xx_it.c ****   * @brief This function handles Hard fault interrupt.
  94:Core/Src/stm32f1xx_it.c ****   */
  95:Core/Src/stm32f1xx_it.c **** void HardFault_Handler(void)
  96:Core/Src/stm32f1xx_it.c **** {
  50              		.loc 1 96 1 view -0
  51              		.cfi_startproc
  52              		@ Volatile: function does not return.
  53              		@ args = 0, pretend = 0, frame = 0
  54              		@ frame_needed = 0, uses_anonymous_args = 0
  55              		@ link register save eliminated.
  56              	.L4:
  97:Core/Src/stm32f1xx_it.c ****   /* USER CODE BEGIN HardFault_IRQn 0 */
  98:Core/Src/stm32f1xx_it.c **** 
  99:Core/Src/stm32f1xx_it.c ****   /* USER CODE END HardFault_IRQn 0 */
 100:Core/Src/stm32f1xx_it.c ****   while (1)
  57              		.loc 1 100 3 view .LVU5
 101:Core/Src/stm32f1xx_it.c ****   {
 102:Core/Src/stm32f1xx_it.c ****     /* USER CODE BEGIN W1_HardFault_IRQn 0 */
 103:Core/Src/stm32f1xx_it.c ****     /* USER CODE END W1_HardFault_IRQn 0 */
 104:Core/Src/stm32f1xx_it.c ****   }
  58              		.loc 1 104 3 view .LVU6
 100:Core/Src/stm32f1xx_it.c ****   {
  59              		.loc 1 100 9 view .LVU7
  60 0000 FEE7     		b	.L4
  61              		.cfi_endproc
  62              	.LFE69:
  64              		.section	.text.MemManage_Handler,"ax",%progbits
  65              		.align	1
  66              		.global	MemManage_Handler
  67              		.syntax unified
  68              		.thumb
  69              		.thumb_func
ARM GAS  C:\Users\BaiJiang\AppData\Local\Temp\ccJxQDMF.s 			page 4


  71              	MemManage_Handler:
  72              	.LFB70:
 105:Core/Src/stm32f1xx_it.c **** }
 106:Core/Src/stm32f1xx_it.c **** 
 107:Core/Src/stm32f1xx_it.c **** /**
 108:Core/Src/stm32f1xx_it.c ****   * @brief This function handles Memory management fault.
 109:Core/Src/stm32f1xx_it.c ****   */
 110:Core/Src/stm32f1xx_it.c **** void MemManage_Handler(void)
 111:Core/Src/stm32f1xx_it.c **** {
  73              		.loc 1 111 1 view -0
  74              		.cfi_startproc
  75              		@ Volatile: function does not return.
  76              		@ args = 0, pretend = 0, frame = 0
  77              		@ frame_needed = 0, uses_anonymous_args = 0
  78              		@ link register save eliminated.
  79              	.L6:
 112:Core/Src/stm32f1xx_it.c ****   /* USER CODE BEGIN MemoryManagement_IRQn 0 */
 113:Core/Src/stm32f1xx_it.c **** 
 114:Core/Src/stm32f1xx_it.c ****   /* USER CODE END MemoryManagement_IRQn 0 */
 115:Core/Src/stm32f1xx_it.c ****   while (1)
  80              		.loc 1 115 3 view .LVU9
 116:Core/Src/stm32f1xx_it.c ****   {
 117:Core/Src/stm32f1xx_it.c ****     /* USER CODE BEGIN W1_MemoryManagement_IRQn 0 */
 118:Core/Src/stm32f1xx_it.c ****     /* USER CODE END W1_MemoryManagement_IRQn 0 */
 119:Core/Src/stm32f1xx_it.c ****   }
  81              		.loc 1 119 3 view .LVU10
 115:Core/Src/stm32f1xx_it.c ****   {
  82              		.loc 1 115 9 view .LVU11
  83 0000 FEE7     		b	.L6
  84              		.cfi_endproc
  85              	.LFE70:
  87              		.section	.text.BusFault_Handler,"ax",%progbits
  88              		.align	1
  89              		.global	BusFault_Handler
  90              		.syntax unified
  91              		.thumb
  92              		.thumb_func
  94              	BusFault_Handler:
  95              	.LFB71:
 120:Core/Src/stm32f1xx_it.c **** }
 121:Core/Src/stm32f1xx_it.c **** 
 122:Core/Src/stm32f1xx_it.c **** /**
 123:Core/Src/stm32f1xx_it.c ****   * @brief This function handles Prefetch fault, memory access fault.
 124:Core/Src/stm32f1xx_it.c ****   */
 125:Core/Src/stm32f1xx_it.c **** void BusFault_Handler(void)
 126:Core/Src/stm32f1xx_it.c **** {
  96              		.loc 1 126 1 view -0
  97              		.cfi_startproc
  98              		@ Volatile: function does not return.
  99              		@ args = 0, pretend = 0, frame = 0
 100              		@ frame_needed = 0, uses_anonymous_args = 0
 101              		@ link register save eliminated.
 102              	.L8:
 127:Core/Src/stm32f1xx_it.c ****   /* USER CODE BEGIN BusFault_IRQn 0 */
 128:Core/Src/stm32f1xx_it.c **** 
 129:Core/Src/stm32f1xx_it.c ****   /* USER CODE END BusFault_IRQn 0 */
 130:Core/Src/stm32f1xx_it.c ****   while (1)
ARM GAS  C:\Users\BaiJiang\AppData\Local\Temp\ccJxQDMF.s 			page 5


 103              		.loc 1 130 3 view .LVU13
 131:Core/Src/stm32f1xx_it.c ****   {
 132:Core/Src/stm32f1xx_it.c ****     /* USER CODE BEGIN W1_BusFault_IRQn 0 */
 133:Core/Src/stm32f1xx_it.c ****     /* USER CODE END W1_BusFault_IRQn 0 */
 134:Core/Src/stm32f1xx_it.c ****   }
 104              		.loc 1 134 3 view .LVU14
 130:Core/Src/stm32f1xx_it.c ****   {
 105              		.loc 1 130 9 view .LVU15
 106 0000 FEE7     		b	.L8
 107              		.cfi_endproc
 108              	.LFE71:
 110              		.section	.text.UsageFault_Handler,"ax",%progbits
 111              		.align	1
 112              		.global	UsageFault_Handler
 113              		.syntax unified
 114              		.thumb
 115              		.thumb_func
 117              	UsageFault_Handler:
 118              	.LFB72:
 135:Core/Src/stm32f1xx_it.c **** }
 136:Core/Src/stm32f1xx_it.c **** 
 137:Core/Src/stm32f1xx_it.c **** /**
 138:Core/Src/stm32f1xx_it.c ****   * @brief This function handles Undefined instruction or illegal state.
 139:Core/Src/stm32f1xx_it.c ****   */
 140:Core/Src/stm32f1xx_it.c **** void UsageFault_Handler(void)
 141:Core/Src/stm32f1xx_it.c **** {
 119              		.loc 1 141 1 view -0
 120              		.cfi_startproc
 121              		@ Volatile: function does not return.
 122              		@ args = 0, pretend = 0, frame = 0
 123              		@ frame_needed = 0, uses_anonymous_args = 0
 124              		@ link register save eliminated.
 125              	.L10:
 142:Core/Src/stm32f1xx_it.c ****   /* USER CODE BEGIN UsageFault_IRQn 0 */
 143:Core/Src/stm32f1xx_it.c **** 
 144:Core/Src/stm32f1xx_it.c ****   /* USER CODE END UsageFault_IRQn 0 */
 145:Core/Src/stm32f1xx_it.c ****   while (1)
 126              		.loc 1 145 3 view .LVU17
 146:Core/Src/stm32f1xx_it.c ****   {
 147:Core/Src/stm32f1xx_it.c ****     /* USER CODE BEGIN W1_UsageFault_IRQn 0 */
 148:Core/Src/stm32f1xx_it.c ****     /* USER CODE END W1_UsageFault_IRQn 0 */
 149:Core/Src/stm32f1xx_it.c ****   }
 127              		.loc 1 149 3 view .LVU18
 145:Core/Src/stm32f1xx_it.c ****   {
 128              		.loc 1 145 9 view .LVU19
 129 0000 FEE7     		b	.L10
 130              		.cfi_endproc
 131              	.LFE72:
 133              		.section	.text.SVC_Handler,"ax",%progbits
 134              		.align	1
 135              		.global	SVC_Handler
 136              		.syntax unified
 137              		.thumb
 138              		.thumb_func
 140              	SVC_Handler:
 141              	.LFB73:
 150:Core/Src/stm32f1xx_it.c **** }
ARM GAS  C:\Users\BaiJiang\AppData\Local\Temp\ccJxQDMF.s 			page 6


 151:Core/Src/stm32f1xx_it.c **** 
 152:Core/Src/stm32f1xx_it.c **** /**
 153:Core/Src/stm32f1xx_it.c ****   * @brief This function handles System service call via SWI instruction.
 154:Core/Src/stm32f1xx_it.c ****   */
 155:Core/Src/stm32f1xx_it.c **** void SVC_Handler(void)
 156:Core/Src/stm32f1xx_it.c **** {
 142              		.loc 1 156 1 view -0
 143              		.cfi_startproc
 144              		@ args = 0, pretend = 0, frame = 0
 145              		@ frame_needed = 0, uses_anonymous_args = 0
 146              		@ link register save eliminated.
 157:Core/Src/stm32f1xx_it.c ****   /* USER CODE BEGIN SVCall_IRQn 0 */
 158:Core/Src/stm32f1xx_it.c **** 
 159:Core/Src/stm32f1xx_it.c ****   /* USER CODE END SVCall_IRQn 0 */
 160:Core/Src/stm32f1xx_it.c ****   /* USER CODE BEGIN SVCall_IRQn 1 */
 161:Core/Src/stm32f1xx_it.c **** 
 162:Core/Src/stm32f1xx_it.c ****   /* USER CODE END SVCall_IRQn 1 */
 163:Core/Src/stm32f1xx_it.c **** }
 147              		.loc 1 163 1 view .LVU21
 148 0000 7047     		bx	lr
 149              		.cfi_endproc
 150              	.LFE73:
 152              		.section	.text.DebugMon_Handler,"ax",%progbits
 153              		.align	1
 154              		.global	DebugMon_Handler
 155              		.syntax unified
 156              		.thumb
 157              		.thumb_func
 159              	DebugMon_Handler:
 160              	.LFB74:
 164:Core/Src/stm32f1xx_it.c **** 
 165:Core/Src/stm32f1xx_it.c **** /**
 166:Core/Src/stm32f1xx_it.c ****   * @brief This function handles Debug monitor.
 167:Core/Src/stm32f1xx_it.c ****   */
 168:Core/Src/stm32f1xx_it.c **** void DebugMon_Handler(void)
 169:Core/Src/stm32f1xx_it.c **** {
 161              		.loc 1 169 1 view -0
 162              		.cfi_startproc
 163              		@ args = 0, pretend = 0, frame = 0
 164              		@ frame_needed = 0, uses_anonymous_args = 0
 165              		@ link register save eliminated.
 170:Core/Src/stm32f1xx_it.c ****   /* USER CODE BEGIN DebugMonitor_IRQn 0 */
 171:Core/Src/stm32f1xx_it.c **** 
 172:Core/Src/stm32f1xx_it.c ****   /* USER CODE END DebugMonitor_IRQn 0 */
 173:Core/Src/stm32f1xx_it.c ****   /* USER CODE BEGIN DebugMonitor_IRQn 1 */
 174:Core/Src/stm32f1xx_it.c **** 
 175:Core/Src/stm32f1xx_it.c ****   /* USER CODE END DebugMonitor_IRQn 1 */
 176:Core/Src/stm32f1xx_it.c **** }
 166              		.loc 1 176 1 view .LVU23
 167 0000 7047     		bx	lr
 168              		.cfi_endproc
 169              	.LFE74:
 171              		.section	.text.PendSV_Handler,"ax",%progbits
 172              		.align	1
 173              		.global	PendSV_Handler
 174              		.syntax unified
 175              		.thumb
ARM GAS  C:\Users\BaiJiang\AppData\Local\Temp\ccJxQDMF.s 			page 7


 176              		.thumb_func
 178              	PendSV_Handler:
 179              	.LFB75:
 177:Core/Src/stm32f1xx_it.c **** 
 178:Core/Src/stm32f1xx_it.c **** /**
 179:Core/Src/stm32f1xx_it.c ****   * @brief This function handles Pendable request for system service.
 180:Core/Src/stm32f1xx_it.c ****   */
 181:Core/Src/stm32f1xx_it.c **** void PendSV_Handler(void)
 182:Core/Src/stm32f1xx_it.c **** {
 180              		.loc 1 182 1 view -0
 181              		.cfi_startproc
 182              		@ args = 0, pretend = 0, frame = 0
 183              		@ frame_needed = 0, uses_anonymous_args = 0
 184              		@ link register save eliminated.
 183:Core/Src/stm32f1xx_it.c ****   /* USER CODE BEGIN PendSV_IRQn 0 */
 184:Core/Src/stm32f1xx_it.c **** 
 185:Core/Src/stm32f1xx_it.c ****   /* USER CODE END PendSV_IRQn 0 */
 186:Core/Src/stm32f1xx_it.c ****   /* USER CODE BEGIN PendSV_IRQn 1 */
 187:Core/Src/stm32f1xx_it.c **** 
 188:Core/Src/stm32f1xx_it.c ****   /* USER CODE END PendSV_IRQn 1 */
 189:Core/Src/stm32f1xx_it.c **** }
 185              		.loc 1 189 1 view .LVU25
 186 0000 7047     		bx	lr
 187              		.cfi_endproc
 188              	.LFE75:
 190              		.section	.text.SysTick_Handler,"ax",%progbits
 191              		.align	1
 192              		.global	SysTick_Handler
 193              		.syntax unified
 194              		.thumb
 195              		.thumb_func
 197              	SysTick_Handler:
 198              	.LFB76:
 190:Core/Src/stm32f1xx_it.c **** 
 191:Core/Src/stm32f1xx_it.c **** /**
 192:Core/Src/stm32f1xx_it.c ****   * @brief This function handles System tick timer.
 193:Core/Src/stm32f1xx_it.c ****   */
 194:Core/Src/stm32f1xx_it.c **** void SysTick_Handler(void)
 195:Core/Src/stm32f1xx_it.c **** {
 199              		.loc 1 195 1 view -0
 200              		.cfi_startproc
 201              		@ args = 0, pretend = 0, frame = 0
 202              		@ frame_needed = 0, uses_anonymous_args = 0
 203              		@ link register save eliminated.
 196:Core/Src/stm32f1xx_it.c ****   /* USER CODE BEGIN SysTick_IRQn 0 */
 197:Core/Src/stm32f1xx_it.c **** 
 198:Core/Src/stm32f1xx_it.c ****   /* USER CODE END SysTick_IRQn 0 */
 199:Core/Src/stm32f1xx_it.c **** 
 200:Core/Src/stm32f1xx_it.c ****   /* USER CODE BEGIN SysTick_IRQn 1 */
 201:Core/Src/stm32f1xx_it.c **** 
 202:Core/Src/stm32f1xx_it.c ****   /* USER CODE END SysTick_IRQn 1 */
 203:Core/Src/stm32f1xx_it.c **** }
 204              		.loc 1 203 1 view .LVU27
 205 0000 7047     		bx	lr
 206              		.cfi_endproc
 207              	.LFE76:
 209              		.section	.text.USB_LP_CAN1_RX0_IRQHandler,"ax",%progbits
ARM GAS  C:\Users\BaiJiang\AppData\Local\Temp\ccJxQDMF.s 			page 8


 210              		.align	1
 211              		.global	USB_LP_CAN1_RX0_IRQHandler
 212              		.syntax unified
 213              		.thumb
 214              		.thumb_func
 216              	USB_LP_CAN1_RX0_IRQHandler:
 217              	.LFB77:
 204:Core/Src/stm32f1xx_it.c **** 
 205:Core/Src/stm32f1xx_it.c **** /******************************************************************************/
 206:Core/Src/stm32f1xx_it.c **** /* STM32F1xx Peripheral Interrupt Handlers                                    */
 207:Core/Src/stm32f1xx_it.c **** /* Add here the Interrupt Handlers for the used peripherals.                  */
 208:Core/Src/stm32f1xx_it.c **** /* For the available peripheral interrupt handler names,                      */
 209:Core/Src/stm32f1xx_it.c **** /* please refer to the startup file (startup_stm32f1xx.s).                    */
 210:Core/Src/stm32f1xx_it.c **** /******************************************************************************/
 211:Core/Src/stm32f1xx_it.c **** 
 212:Core/Src/stm32f1xx_it.c **** /**
 213:Core/Src/stm32f1xx_it.c ****   * @brief This function handles USB low priority or CAN RX0 interrupts.
 214:Core/Src/stm32f1xx_it.c ****   */
 215:Core/Src/stm32f1xx_it.c **** void USB_LP_CAN1_RX0_IRQHandler(void)
 216:Core/Src/stm32f1xx_it.c **** {
 218              		.loc 1 216 1 view -0
 219              		.cfi_startproc
 220              		@ args = 0, pretend = 0, frame = 0
 221              		@ frame_needed = 0, uses_anonymous_args = 0
 222 0000 08B5     		push	{r3, lr}
 223              	.LCFI0:
 224              		.cfi_def_cfa_offset 8
 225              		.cfi_offset 3, -8
 226              		.cfi_offset 14, -4
 217:Core/Src/stm32f1xx_it.c ****   /* USER CODE BEGIN USB_LP_CAN1_RX0_IRQn 0 */
 218:Core/Src/stm32f1xx_it.c **** 
 219:Core/Src/stm32f1xx_it.c ****   /* USER CODE END USB_LP_CAN1_RX0_IRQn 0 */
 220:Core/Src/stm32f1xx_it.c ****   HAL_PCD_IRQHandler(&hpcd_USB_FS);
 227              		.loc 1 220 3 view .LVU29
 228 0002 0248     		ldr	r0, .L17
 229 0004 FFF7FEFF 		bl	HAL_PCD_IRQHandler
 230              	.LVL0:
 221:Core/Src/stm32f1xx_it.c ****   /* USER CODE BEGIN USB_LP_CAN1_RX0_IRQn 1 */
 222:Core/Src/stm32f1xx_it.c **** 
 223:Core/Src/stm32f1xx_it.c ****   /* USER CODE END USB_LP_CAN1_RX0_IRQn 1 */
 224:Core/Src/stm32f1xx_it.c **** }
 231              		.loc 1 224 1 is_stmt 0 view .LVU30
 232 0008 08BD     		pop	{r3, pc}
 233              	.L18:
 234 000a 00BF     		.align	2
 235              	.L17:
 236 000c 00000000 		.word	hpcd_USB_FS
 237              		.cfi_endproc
 238              	.LFE77:
 240              		.section	.text.TIM6_IRQHandler,"ax",%progbits
 241              		.align	1
 242              		.global	TIM6_IRQHandler
 243              		.syntax unified
 244              		.thumb
 245              		.thumb_func
 247              	TIM6_IRQHandler:
 248              	.LFB78:
ARM GAS  C:\Users\BaiJiang\AppData\Local\Temp\ccJxQDMF.s 			page 9


 225:Core/Src/stm32f1xx_it.c **** 
 226:Core/Src/stm32f1xx_it.c **** /**
 227:Core/Src/stm32f1xx_it.c ****   * @brief This function handles TIM6 global interrupt.
 228:Core/Src/stm32f1xx_it.c ****   */
 229:Core/Src/stm32f1xx_it.c **** void TIM6_IRQHandler(void)
 230:Core/Src/stm32f1xx_it.c **** {
 249              		.loc 1 230 1 is_stmt 1 view -0
 250              		.cfi_startproc
 251              		@ args = 0, pretend = 0, frame = 0
 252              		@ frame_needed = 0, uses_anonymous_args = 0
 253 0000 08B5     		push	{r3, lr}
 254              	.LCFI1:
 255              		.cfi_def_cfa_offset 8
 256              		.cfi_offset 3, -8
 257              		.cfi_offset 14, -4
 231:Core/Src/stm32f1xx_it.c ****   /* USER CODE BEGIN TIM6_IRQn 0 */
 232:Core/Src/stm32f1xx_it.c **** 
 233:Core/Src/stm32f1xx_it.c ****   /* USER CODE END TIM6_IRQn 0 */
 234:Core/Src/stm32f1xx_it.c ****   HAL_TIM_IRQHandler(&htim6);
 258              		.loc 1 234 3 view .LVU32
 259 0002 0248     		ldr	r0, .L21
 260 0004 FFF7FEFF 		bl	HAL_TIM_IRQHandler
 261              	.LVL1:
 235:Core/Src/stm32f1xx_it.c ****   /* USER CODE BEGIN TIM6_IRQn 1 */
 236:Core/Src/stm32f1xx_it.c **** 
 237:Core/Src/stm32f1xx_it.c ****   /* USER CODE END TIM6_IRQn 1 */
 238:Core/Src/stm32f1xx_it.c **** }
 262              		.loc 1 238 1 is_stmt 0 view .LVU33
 263 0008 08BD     		pop	{r3, pc}
 264              	.L22:
 265 000a 00BF     		.align	2
 266              	.L21:
 267 000c 00000000 		.word	htim6
 268              		.cfi_endproc
 269              	.LFE78:
 271              		.section	.text.TIM7_IRQHandler,"ax",%progbits
 272              		.align	1
 273              		.global	TIM7_IRQHandler
 274              		.syntax unified
 275              		.thumb
 276              		.thumb_func
 278              	TIM7_IRQHandler:
 279              	.LFB79:
 239:Core/Src/stm32f1xx_it.c **** 
 240:Core/Src/stm32f1xx_it.c **** /**
 241:Core/Src/stm32f1xx_it.c ****   * @brief This function handles TIM7 global interrupt.
 242:Core/Src/stm32f1xx_it.c ****   */
 243:Core/Src/stm32f1xx_it.c **** void TIM7_IRQHandler(void)
 244:Core/Src/stm32f1xx_it.c **** {
 280              		.loc 1 244 1 is_stmt 1 view -0
 281              		.cfi_startproc
 282              		@ args = 0, pretend = 0, frame = 0
 283              		@ frame_needed = 0, uses_anonymous_args = 0
 284 0000 38B5     		push	{r3, r4, r5, lr}
 285              	.LCFI2:
 286              		.cfi_def_cfa_offset 16
 287              		.cfi_offset 3, -16
ARM GAS  C:\Users\BaiJiang\AppData\Local\Temp\ccJxQDMF.s 			page 10


 288              		.cfi_offset 4, -12
 289              		.cfi_offset 5, -8
 290              		.cfi_offset 14, -4
 245:Core/Src/stm32f1xx_it.c ****   /* USER CODE BEGIN TIM7_IRQn 0 */
 246:Core/Src/stm32f1xx_it.c **** 
 247:Core/Src/stm32f1xx_it.c ****   /* USER CODE END TIM7_IRQn 0 */
 248:Core/Src/stm32f1xx_it.c ****   HAL_TIM_IRQHandler(&htim7);
 291              		.loc 1 248 3 view .LVU35
 292 0002 1B48     		ldr	r0, .L29
 293 0004 FFF7FEFF 		bl	HAL_TIM_IRQHandler
 294              	.LVL2:
 249:Core/Src/stm32f1xx_it.c ****   /* USER CODE BEGIN TIM7_IRQn 1 */
 250:Core/Src/stm32f1xx_it.c ****      static uint16_t a = 0;
 295              		.loc 1 250 6 view .LVU36
 251:Core/Src/stm32f1xx_it.c ****   if(a++>= 3)
 296              		.loc 1 251 3 view .LVU37
 297              		.loc 1 251 7 is_stmt 0 view .LVU38
 298 0008 1A4A     		ldr	r2, .L29+4
 299 000a 1388     		ldrh	r3, [r2]
 300 000c 591C     		adds	r1, r3, #1
 301 000e 1180     		strh	r1, [r2]	@ movhi
 302              		.loc 1 251 5 view .LVU39
 303 0010 022B     		cmp	r3, #2
 304 0012 06D8     		bhi	.L28
 305              	.L24:
 252:Core/Src/stm32f1xx_it.c ****   {
 253:Core/Src/stm32f1xx_it.c ****     a = 0;
 254:Core/Src/stm32f1xx_it.c ****   key_handler.KEY_VALUE[0] &= 0XFC; 
 255:Core/Src/stm32f1xx_it.c ****   key_handler.KEY_VALUE[0] |= (HAL_GPIO_ReadPin(GPIOE,GPIO_PIN_3)?0X01:0X00);
 256:Core/Src/stm32f1xx_it.c ****   key_handler.KEY_VALUE[0] |= ((HAL_GPIO_ReadPin(GPIOE,GPIO_PIN_4)?0X01:0X00)<<1);
 257:Core/Src/stm32f1xx_it.c ****   KEY_SCAN(&key_handler,2);
 258:Core/Src/stm32f1xx_it.c ****   }
 259:Core/Src/stm32f1xx_it.c ****   //USBD_CUSTOM_HID_SendReport_ep(&hUsbDeviceFS,report1,20,0x81);
 260:Core/Src/stm32f1xx_it.c ****   USBD_CUSTOM_HID_SendReport_ep(&hUsbDeviceFS,report+7,15,0x82);
 306              		.loc 1 260 3 is_stmt 1 view .LVU40
 307 0014 8223     		movs	r3, #130
 308 0016 0F22     		movs	r2, #15
 309 0018 1749     		ldr	r1, .L29+8
 310 001a 1848     		ldr	r0, .L29+12
 311 001c FFF7FEFF 		bl	USBD_CUSTOM_HID_SendReport_ep
 312              	.LVL3:
 261:Core/Src/stm32f1xx_it.c ****   /* USER CODE END TIM7_IRQn 1 */
 262:Core/Src/stm32f1xx_it.c **** }
 313              		.loc 1 262 1 is_stmt 0 view .LVU41
 314 0020 38BD     		pop	{r3, r4, r5, pc}
 315              	.L28:
 253:Core/Src/stm32f1xx_it.c ****   key_handler.KEY_VALUE[0] &= 0XFC; 
 316              		.loc 1 253 5 is_stmt 1 view .LVU42
 253:Core/Src/stm32f1xx_it.c ****   key_handler.KEY_VALUE[0] &= 0XFC; 
 317              		.loc 1 253 7 is_stmt 0 view .LVU43
 318 0022 1346     		mov	r3, r2
 319 0024 0022     		movs	r2, #0
 320 0026 1A80     		strh	r2, [r3]	@ movhi
 254:Core/Src/stm32f1xx_it.c ****   key_handler.KEY_VALUE[0] |= (HAL_GPIO_ReadPin(GPIOE,GPIO_PIN_3)?0X01:0X00);
 321              		.loc 1 254 3 is_stmt 1 view .LVU44
 254:Core/Src/stm32f1xx_it.c ****   key_handler.KEY_VALUE[0] |= (HAL_GPIO_ReadPin(GPIOE,GPIO_PIN_3)?0X01:0X00);
 322              		.loc 1 254 14 is_stmt 0 view .LVU45
ARM GAS  C:\Users\BaiJiang\AppData\Local\Temp\ccJxQDMF.s 			page 11


 323 0028 154D     		ldr	r5, .L29+16
 324 002a 2A68     		ldr	r2, [r5]
 254:Core/Src/stm32f1xx_it.c ****   key_handler.KEY_VALUE[0] |= (HAL_GPIO_ReadPin(GPIOE,GPIO_PIN_3)?0X01:0X00);
 325              		.loc 1 254 24 view .LVU46
 326 002c 1378     		ldrb	r3, [r2]	@ zero_extendqisi2
 254:Core/Src/stm32f1xx_it.c ****   key_handler.KEY_VALUE[0] |= (HAL_GPIO_ReadPin(GPIOE,GPIO_PIN_3)?0X01:0X00);
 327              		.loc 1 254 28 view .LVU47
 328 002e 23F00303 		bic	r3, r3, #3
 329 0032 1370     		strb	r3, [r2]
 255:Core/Src/stm32f1xx_it.c ****   key_handler.KEY_VALUE[0] |= ((HAL_GPIO_ReadPin(GPIOE,GPIO_PIN_4)?0X01:0X00)<<1);
 330              		.loc 1 255 3 is_stmt 1 view .LVU48
 255:Core/Src/stm32f1xx_it.c ****   key_handler.KEY_VALUE[0] |= ((HAL_GPIO_ReadPin(GPIOE,GPIO_PIN_4)?0X01:0X00)<<1);
 331              		.loc 1 255 32 is_stmt 0 view .LVU49
 332 0034 134C     		ldr	r4, .L29+20
 333 0036 0821     		movs	r1, #8
 334 0038 2046     		mov	r0, r4
 335 003a FFF7FEFF 		bl	HAL_GPIO_ReadPin
 336              	.LVL4:
 255:Core/Src/stm32f1xx_it.c ****   key_handler.KEY_VALUE[0] |= ((HAL_GPIO_ReadPin(GPIOE,GPIO_PIN_4)?0X01:0X00)<<1);
 337              		.loc 1 255 14 discriminator 1 view .LVU50
 338 003e 2A68     		ldr	r2, [r5]
 255:Core/Src/stm32f1xx_it.c ****   key_handler.KEY_VALUE[0] |= ((HAL_GPIO_ReadPin(GPIOE,GPIO_PIN_4)?0X01:0X00)<<1);
 339              		.loc 1 255 24 discriminator 1 view .LVU51
 340 0040 1378     		ldrb	r3, [r2]	@ zero_extendqisi2
 255:Core/Src/stm32f1xx_it.c ****   key_handler.KEY_VALUE[0] |= ((HAL_GPIO_ReadPin(GPIOE,GPIO_PIN_4)?0X01:0X00)<<1);
 341              		.loc 1 255 28 discriminator 1 view .LVU52
 342 0042 0028     		cmp	r0, #0
 343 0044 18BF     		it	ne
 344 0046 43F00103 		orrne	r3, r3, #1
 345 004a 1370     		strb	r3, [r2]
 256:Core/Src/stm32f1xx_it.c ****   KEY_SCAN(&key_handler,2);
 346              		.loc 1 256 3 is_stmt 1 view .LVU53
 256:Core/Src/stm32f1xx_it.c ****   KEY_SCAN(&key_handler,2);
 347              		.loc 1 256 33 is_stmt 0 view .LVU54
 348 004c 1021     		movs	r1, #16
 349 004e 2046     		mov	r0, r4
 350 0050 FFF7FEFF 		bl	HAL_GPIO_ReadPin
 351              	.LVL5:
 256:Core/Src/stm32f1xx_it.c ****   KEY_SCAN(&key_handler,2);
 352              		.loc 1 256 78 discriminator 1 view .LVU55
 353 0054 48B1     		cbz	r0, .L26
 354 0056 0221     		movs	r1, #2
 355              	.L25:
 256:Core/Src/stm32f1xx_it.c ****   KEY_SCAN(&key_handler,2);
 356              		.loc 1 256 14 discriminator 4 view .LVU56
 357 0058 0948     		ldr	r0, .L29+16
 358 005a 0268     		ldr	r2, [r0]
 256:Core/Src/stm32f1xx_it.c ****   KEY_SCAN(&key_handler,2);
 359              		.loc 1 256 24 discriminator 4 view .LVU57
 360 005c 1378     		ldrb	r3, [r2]	@ zero_extendqisi2
 256:Core/Src/stm32f1xx_it.c ****   KEY_SCAN(&key_handler,2);
 361              		.loc 1 256 28 discriminator 4 view .LVU58
 362 005e 0B43     		orrs	r3, r3, r1
 363 0060 1370     		strb	r3, [r2]
 257:Core/Src/stm32f1xx_it.c ****   }
 364              		.loc 1 257 3 is_stmt 1 view .LVU59
 365 0062 0221     		movs	r1, #2
ARM GAS  C:\Users\BaiJiang\AppData\Local\Temp\ccJxQDMF.s 			page 12


 366 0064 FFF7FEFF 		bl	KEY_SCAN
 367              	.LVL6:
 368 0068 D4E7     		b	.L24
 369              	.L26:
 256:Core/Src/stm32f1xx_it.c ****   KEY_SCAN(&key_handler,2);
 370              		.loc 1 256 78 is_stmt 0 discriminator 2 view .LVU60
 371 006a 0021     		movs	r1, #0
 372 006c F4E7     		b	.L25
 373              	.L30:
 374 006e 00BF     		.align	2
 375              	.L29:
 376 0070 00000000 		.word	htim7
 377 0074 00000000 		.word	a.0
 378 0078 07000000 		.word	report+7
 379 007c 00000000 		.word	hUsbDeviceFS
 380 0080 00000000 		.word	key_handler
 381 0084 00180140 		.word	1073813504
 382              		.cfi_endproc
 383              	.LFE79:
 385              		.section	.bss.a.0,"aw",%nobits
 386              		.align	1
 389              	a.0:
 390 0000 0000     		.space	2
 391              		.text
 392              	.Letext0:
 393              		.file 2 "D:/GCC/xpack-arm-none-eabi-gcc-13.2.1-1.1/arm-none-eabi/include/machine/_default_types.h"
 394              		.file 3 "D:/GCC/xpack-arm-none-eabi-gcc-13.2.1-1.1/arm-none-eabi/include/sys/_stdint.h"
 395              		.file 4 "Drivers/CMSIS/Device/ST/STM32F1xx/Include/stm32f103xe.h"
 396              		.file 5 "Drivers/STM32F1xx_HAL_Driver/Inc/stm32f1xx_hal_def.h"
 397              		.file 6 "Drivers/STM32F1xx_HAL_Driver/Inc/stm32f1xx_hal_gpio.h"
 398              		.file 7 "Drivers/STM32F1xx_HAL_Driver/Inc/stm32f1xx_hal_dma.h"
 399              		.file 8 "Drivers/STM32F1xx_HAL_Driver/Inc/stm32f1xx_hal_tim.h"
 400              		.file 9 "Drivers/STM32F1xx_HAL_Driver/Inc/stm32f1xx_ll_usb.h"
 401              		.file 10 "Drivers/STM32F1xx_HAL_Driver/Inc/stm32f1xx_hal_pcd.h"
 402              		.file 11 "USER/BSP/KEY.h"
 403              		.file 12 "Middlewares/ST/STM32_USB_Device_Library/Core/Inc/usbd_def.h"
ARM GAS  C:\Users\BaiJiang\AppData\Local\Temp\ccJxQDMF.s 			page 13


DEFINED SYMBOLS
                            *ABS*:00000000 stm32f1xx_it.c
C:\Users\BaiJiang\AppData\Local\Temp\ccJxQDMF.s:19     .text.NMI_Handler:00000000 $t
C:\Users\BaiJiang\AppData\Local\Temp\ccJxQDMF.s:25     .text.NMI_Handler:00000000 NMI_Handler
C:\Users\BaiJiang\AppData\Local\Temp\ccJxQDMF.s:42     .text.HardFault_Handler:00000000 $t
C:\Users\BaiJiang\AppData\Local\Temp\ccJxQDMF.s:48     .text.HardFault_Handler:00000000 HardFault_Handler
C:\Users\BaiJiang\AppData\Local\Temp\ccJxQDMF.s:65     .text.MemManage_Handler:00000000 $t
C:\Users\BaiJiang\AppData\Local\Temp\ccJxQDMF.s:71     .text.MemManage_Handler:00000000 MemManage_Handler
C:\Users\BaiJiang\AppData\Local\Temp\ccJxQDMF.s:88     .text.BusFault_Handler:00000000 $t
C:\Users\BaiJiang\AppData\Local\Temp\ccJxQDMF.s:94     .text.BusFault_Handler:00000000 BusFault_Handler
C:\Users\BaiJiang\AppData\Local\Temp\ccJxQDMF.s:111    .text.UsageFault_Handler:00000000 $t
C:\Users\BaiJiang\AppData\Local\Temp\ccJxQDMF.s:117    .text.UsageFault_Handler:00000000 UsageFault_Handler
C:\Users\BaiJiang\AppData\Local\Temp\ccJxQDMF.s:134    .text.SVC_Handler:00000000 $t
C:\Users\BaiJiang\AppData\Local\Temp\ccJxQDMF.s:140    .text.SVC_Handler:00000000 SVC_Handler
C:\Users\BaiJiang\AppData\Local\Temp\ccJxQDMF.s:153    .text.DebugMon_Handler:00000000 $t
C:\Users\BaiJiang\AppData\Local\Temp\ccJxQDMF.s:159    .text.DebugMon_Handler:00000000 DebugMon_Handler
C:\Users\BaiJiang\AppData\Local\Temp\ccJxQDMF.s:172    .text.PendSV_Handler:00000000 $t
C:\Users\BaiJiang\AppData\Local\Temp\ccJxQDMF.s:178    .text.PendSV_Handler:00000000 PendSV_Handler
C:\Users\BaiJiang\AppData\Local\Temp\ccJxQDMF.s:191    .text.SysTick_Handler:00000000 $t
C:\Users\BaiJiang\AppData\Local\Temp\ccJxQDMF.s:197    .text.SysTick_Handler:00000000 SysTick_Handler
C:\Users\BaiJiang\AppData\Local\Temp\ccJxQDMF.s:210    .text.USB_LP_CAN1_RX0_IRQHandler:00000000 $t
C:\Users\BaiJiang\AppData\Local\Temp\ccJxQDMF.s:216    .text.USB_LP_CAN1_RX0_IRQHandler:00000000 USB_LP_CAN1_RX0_IRQHandler
C:\Users\BaiJiang\AppData\Local\Temp\ccJxQDMF.s:236    .text.USB_LP_CAN1_RX0_IRQHandler:0000000c $d
C:\Users\BaiJiang\AppData\Local\Temp\ccJxQDMF.s:241    .text.TIM6_IRQHandler:00000000 $t
C:\Users\BaiJiang\AppData\Local\Temp\ccJxQDMF.s:247    .text.TIM6_IRQHandler:00000000 TIM6_IRQHandler
C:\Users\BaiJiang\AppData\Local\Temp\ccJxQDMF.s:267    .text.TIM6_IRQHandler:0000000c $d
C:\Users\BaiJiang\AppData\Local\Temp\ccJxQDMF.s:272    .text.TIM7_IRQHandler:00000000 $t
C:\Users\BaiJiang\AppData\Local\Temp\ccJxQDMF.s:278    .text.TIM7_IRQHandler:00000000 TIM7_IRQHandler
C:\Users\BaiJiang\AppData\Local\Temp\ccJxQDMF.s:376    .text.TIM7_IRQHandler:00000070 $d
C:\Users\BaiJiang\AppData\Local\Temp\ccJxQDMF.s:389    .bss.a.0:00000000 a.0
C:\Users\BaiJiang\AppData\Local\Temp\ccJxQDMF.s:386    .bss.a.0:00000000 $d

UNDEFINED SYMBOLS
HAL_PCD_IRQHandler
hpcd_USB_FS
HAL_TIM_IRQHandler
htim6
USBD_CUSTOM_HID_SendReport_ep
HAL_GPIO_ReadPin
KEY_SCAN
htim7
report
hUsbDeviceFS
key_handler
