ARM GAS  C:\Users\BaiJiang\AppData\Local\Temp\ccpeY1Dv.s 			page 1


   1              		.cpu cortex-m3
   2              		.arch armv7-m
   3              		.fpu softvfp
   4              		.eabi_attribute 20, 1
   5              		.eabi_attribute 21, 1
   6              		.eabi_attribute 23, 3
   7              		.eabi_attribute 24, 1
   8              		.eabi_attribute 25, 1
   9              		.eabi_attribute 26, 1
  10              		.eabi_attribute 30, 1
  11              		.eabi_attribute 34, 1
  12              		.eabi_attribute 18, 4
  13              		.file	"usbd_hid.c"
  14              		.text
  15              	.Ltext0:
  16              		.cfi_sections	.debug_frame
  17              		.file 1 "USER/CherryUSB/class/hid/usbd_hid.c"
  18              		.section	.text.usbd_hid_init_intf,"ax",%progbits
  19              		.align	1
  20              		.global	usbd_hid_init_intf
  21              		.syntax unified
  22              		.thumb
  23              		.thumb_func
  25              	usbd_hid_init_intf:
  26              	.LVL0:
  27              	.LFB55:
   1:USER/CherryUSB/class/hid/usbd_hid.c **** /*
   2:USER/CherryUSB/class/hid/usbd_hid.c ****  * Copyright (c) 2022, sakumisu
   3:USER/CherryUSB/class/hid/usbd_hid.c ****  *
   4:USER/CherryUSB/class/hid/usbd_hid.c ****  * SPDX-License-Identifier: Apache-2.0
   5:USER/CherryUSB/class/hid/usbd_hid.c ****  */
   6:USER/CherryUSB/class/hid/usbd_hid.c **** #include "usbd_core.h"
   7:USER/CherryUSB/class/hid/usbd_hid.c **** #include "usbd_hid.h"
   8:USER/CherryUSB/class/hid/usbd_hid.c **** 
   9:USER/CherryUSB/class/hid/usbd_hid.c **** static int hid_class_interface_request_handler(uint8_t busid, struct usb_setup_packet *setup, uint8
  10:USER/CherryUSB/class/hid/usbd_hid.c **** {
  11:USER/CherryUSB/class/hid/usbd_hid.c ****     USB_LOG_DBG("HID Class request: "
  12:USER/CherryUSB/class/hid/usbd_hid.c ****                 "bRequest 0x%02x\r\n",
  13:USER/CherryUSB/class/hid/usbd_hid.c ****                 setup->bRequest);
  14:USER/CherryUSB/class/hid/usbd_hid.c **** 
  15:USER/CherryUSB/class/hid/usbd_hid.c ****     uint8_t intf_num = LO_BYTE(setup->wIndex);
  16:USER/CherryUSB/class/hid/usbd_hid.c **** 
  17:USER/CherryUSB/class/hid/usbd_hid.c ****     switch (setup->bRequest) {
  18:USER/CherryUSB/class/hid/usbd_hid.c ****         case HID_REQUEST_GET_REPORT:
  19:USER/CherryUSB/class/hid/usbd_hid.c ****             /* report id ,report type */
  20:USER/CherryUSB/class/hid/usbd_hid.c ****             usbd_hid_get_report(busid, intf_num, LO_BYTE(setup->wValue), HI_BYTE(setup->wValue), da
  21:USER/CherryUSB/class/hid/usbd_hid.c ****             break;
  22:USER/CherryUSB/class/hid/usbd_hid.c ****         case HID_REQUEST_GET_IDLE:
  23:USER/CherryUSB/class/hid/usbd_hid.c ****             (*data)[0] = usbd_hid_get_idle(busid, intf_num, LO_BYTE(setup->wValue));
  24:USER/CherryUSB/class/hid/usbd_hid.c ****             *len = 1;
  25:USER/CherryUSB/class/hid/usbd_hid.c ****             break;
  26:USER/CherryUSB/class/hid/usbd_hid.c ****         case HID_REQUEST_GET_PROTOCOL:
  27:USER/CherryUSB/class/hid/usbd_hid.c ****             (*data)[0] = usbd_hid_get_protocol(busid, intf_num);
  28:USER/CherryUSB/class/hid/usbd_hid.c ****             *len = 1;
  29:USER/CherryUSB/class/hid/usbd_hid.c ****             break;
  30:USER/CherryUSB/class/hid/usbd_hid.c ****         case HID_REQUEST_SET_REPORT:
  31:USER/CherryUSB/class/hid/usbd_hid.c ****             /* report id ,report type, report, report len */
ARM GAS  C:\Users\BaiJiang\AppData\Local\Temp\ccpeY1Dv.s 			page 2


  32:USER/CherryUSB/class/hid/usbd_hid.c ****             usbd_hid_set_report(busid, intf_num, LO_BYTE(setup->wValue), HI_BYTE(setup->wValue), *d
  33:USER/CherryUSB/class/hid/usbd_hid.c ****             break;
  34:USER/CherryUSB/class/hid/usbd_hid.c ****         case HID_REQUEST_SET_IDLE:
  35:USER/CherryUSB/class/hid/usbd_hid.c ****             /* report id, duration */
  36:USER/CherryUSB/class/hid/usbd_hid.c ****             usbd_hid_set_idle(busid, intf_num, LO_BYTE(setup->wValue), HI_BYTE(setup->wValue));
  37:USER/CherryUSB/class/hid/usbd_hid.c ****             break;
  38:USER/CherryUSB/class/hid/usbd_hid.c ****         case HID_REQUEST_SET_PROTOCOL:
  39:USER/CherryUSB/class/hid/usbd_hid.c ****             /* protocol */
  40:USER/CherryUSB/class/hid/usbd_hid.c ****             usbd_hid_set_protocol(busid, intf_num, LO_BYTE(setup->wValue));
  41:USER/CherryUSB/class/hid/usbd_hid.c ****             break;
  42:USER/CherryUSB/class/hid/usbd_hid.c **** 
  43:USER/CherryUSB/class/hid/usbd_hid.c ****         default:
  44:USER/CherryUSB/class/hid/usbd_hid.c ****             return -1;
  45:USER/CherryUSB/class/hid/usbd_hid.c ****     }
  46:USER/CherryUSB/class/hid/usbd_hid.c **** 
  47:USER/CherryUSB/class/hid/usbd_hid.c ****     return 0;
  48:USER/CherryUSB/class/hid/usbd_hid.c **** }
  49:USER/CherryUSB/class/hid/usbd_hid.c **** 
  50:USER/CherryUSB/class/hid/usbd_hid.c **** struct usbd_interface *usbd_hid_init_intf(uint8_t busid, struct usbd_interface *intf, const uint8_t
  51:USER/CherryUSB/class/hid/usbd_hid.c **** {
  28              		.loc 1 51 1 view -0
  29              		.cfi_startproc
  30              		@ args = 0, pretend = 0, frame = 0
  31              		@ frame_needed = 0, uses_anonymous_args = 0
  32              		@ link register save eliminated.
  33              		.loc 1 51 1 is_stmt 0 view .LVU1
  34 0000 0846     		mov	r0, r1
  35              	.LVL1:
  52:USER/CherryUSB/class/hid/usbd_hid.c ****     (void)busid;
  36              		.loc 1 52 5 is_stmt 1 view .LVU2
  53:USER/CherryUSB/class/hid/usbd_hid.c **** 
  54:USER/CherryUSB/class/hid/usbd_hid.c ****     intf->class_interface_handler = hid_class_interface_request_handler;
  37              		.loc 1 54 5 view .LVU3
  38              		.loc 1 54 35 is_stmt 0 view .LVU4
  39 0002 0449     		ldr	r1, .L2
  40              	.LVL2:
  41              		.loc 1 54 35 view .LVU5
  42 0004 0160     		str	r1, [r0]
  55:USER/CherryUSB/class/hid/usbd_hid.c ****     intf->class_endpoint_handler = NULL;
  43              		.loc 1 55 5 is_stmt 1 view .LVU6
  44              		.loc 1 55 34 is_stmt 0 view .LVU7
  45 0006 0021     		movs	r1, #0
  46 0008 4160     		str	r1, [r0, #4]
  56:USER/CherryUSB/class/hid/usbd_hid.c ****     intf->vendor_handler = NULL;
  47              		.loc 1 56 5 is_stmt 1 view .LVU8
  48              		.loc 1 56 26 is_stmt 0 view .LVU9
  49 000a 8160     		str	r1, [r0, #8]
  57:USER/CherryUSB/class/hid/usbd_hid.c ****     intf->notify_handler = NULL;
  50              		.loc 1 57 5 is_stmt 1 view .LVU10
  51              		.loc 1 57 26 is_stmt 0 view .LVU11
  52 000c C160     		str	r1, [r0, #12]
  58:USER/CherryUSB/class/hid/usbd_hid.c **** 
  59:USER/CherryUSB/class/hid/usbd_hid.c ****     intf->hid_report_descriptor = desc;
  53              		.loc 1 59 5 is_stmt 1 view .LVU12
  54              		.loc 1 59 33 is_stmt 0 view .LVU13
  55 000e 0261     		str	r2, [r0, #16]
  60:USER/CherryUSB/class/hid/usbd_hid.c ****     intf->hid_report_descriptor_len = desc_len;
ARM GAS  C:\Users\BaiJiang\AppData\Local\Temp\ccpeY1Dv.s 			page 3


  56              		.loc 1 60 5 is_stmt 1 view .LVU14
  57              		.loc 1 60 37 is_stmt 0 view .LVU15
  58 0010 4361     		str	r3, [r0, #20]
  61:USER/CherryUSB/class/hid/usbd_hid.c ****     return intf;
  59              		.loc 1 61 5 is_stmt 1 view .LVU16
  62:USER/CherryUSB/class/hid/usbd_hid.c **** }
  60              		.loc 1 62 1 is_stmt 0 view .LVU17
  61 0012 7047     		bx	lr
  62              	.L3:
  63              		.align	2
  64              	.L2:
  65 0014 00000000 		.word	hid_class_interface_request_handler
  66              		.cfi_endproc
  67              	.LFE55:
  69              		.section	.text.usbd_hid_get_report,"ax",%progbits
  70              		.align	1
  71              		.weak	usbd_hid_get_report
  72              		.syntax unified
  73              		.thumb
  74              		.thumb_func
  76              	usbd_hid_get_report:
  77              	.LVL3:
  78              	.LFB56:
  63:USER/CherryUSB/class/hid/usbd_hid.c **** 
  64:USER/CherryUSB/class/hid/usbd_hid.c **** /*
  65:USER/CherryUSB/class/hid/usbd_hid.c ****  * Appendix G: HID Request Support Requirements
  66:USER/CherryUSB/class/hid/usbd_hid.c ****  *
  67:USER/CherryUSB/class/hid/usbd_hid.c ****  * The following table enumerates the requests that need to be supported by various types of HID cl
  68:USER/CherryUSB/class/hid/usbd_hid.c ****  * Device type     GetReport   SetReport   GetIdle     SetIdle     GetProtocol SetProtocol
  69:USER/CherryUSB/class/hid/usbd_hid.c ****  * ------------------------------------------------------------------------------------------
  70:USER/CherryUSB/class/hid/usbd_hid.c ****  * Boot Mouse      Required    Optional    Optional    Optional    Required    Required
  71:USER/CherryUSB/class/hid/usbd_hid.c ****  * Non-Boot Mouse  Required    Optional    Optional    Optional    Optional    Optional
  72:USER/CherryUSB/class/hid/usbd_hid.c ****  * Boot Keyboard   Required    Optional    Required    Required    Required    Required
  73:USER/CherryUSB/class/hid/usbd_hid.c ****  * Non-Boot Keybrd Required    Optional    Required    Required    Optional    Optional
  74:USER/CherryUSB/class/hid/usbd_hid.c ****  * Other Device    Required    Optional    Optional    Optional    Optional    Optional
  75:USER/CherryUSB/class/hid/usbd_hid.c ****  */
  76:USER/CherryUSB/class/hid/usbd_hid.c **** 
  77:USER/CherryUSB/class/hid/usbd_hid.c **** __WEAK void usbd_hid_get_report(uint8_t busid, uint8_t intf, uint8_t report_id, uint8_t report_type
  78:USER/CherryUSB/class/hid/usbd_hid.c **** {
  79              		.loc 1 78 1 is_stmt 1 view -0
  80              		.cfi_startproc
  81              		@ args = 8, pretend = 0, frame = 0
  82              		@ frame_needed = 0, uses_anonymous_args = 0
  83              		@ link register save eliminated.
  79:USER/CherryUSB/class/hid/usbd_hid.c ****     (void)busid;
  84              		.loc 1 79 5 view .LVU19
  80:USER/CherryUSB/class/hid/usbd_hid.c ****     (void)intf;
  85              		.loc 1 80 5 view .LVU20
  81:USER/CherryUSB/class/hid/usbd_hid.c ****     (void)report_id;
  86              		.loc 1 81 5 view .LVU21
  82:USER/CherryUSB/class/hid/usbd_hid.c ****     (void)report_type;
  87              		.loc 1 82 5 view .LVU22
  83:USER/CherryUSB/class/hid/usbd_hid.c ****     (*data[0]) = 0;
  88              		.loc 1 83 5 view .LVU23
  89              		.loc 1 83 11 is_stmt 0 view .LVU24
  90 0000 009B     		ldr	r3, [sp]
  91              	.LVL4:
ARM GAS  C:\Users\BaiJiang\AppData\Local\Temp\ccpeY1Dv.s 			page 4


  92              		.loc 1 83 11 view .LVU25
  93 0002 1B68     		ldr	r3, [r3]
  94              		.loc 1 83 16 view .LVU26
  95 0004 0022     		movs	r2, #0
  96              	.LVL5:
  97              		.loc 1 83 16 view .LVU27
  98 0006 1A70     		strb	r2, [r3]
  84:USER/CherryUSB/class/hid/usbd_hid.c ****     *len = 1;
  99              		.loc 1 84 5 is_stmt 1 view .LVU28
 100              		.loc 1 84 10 is_stmt 0 view .LVU29
 101 0008 019B     		ldr	r3, [sp, #4]
 102 000a 0122     		movs	r2, #1
 103 000c 1A60     		str	r2, [r3]
  85:USER/CherryUSB/class/hid/usbd_hid.c **** }
 104              		.loc 1 85 1 view .LVU30
 105 000e 7047     		bx	lr
 106              		.cfi_endproc
 107              	.LFE56:
 109              		.section	.text.usbd_hid_get_idle,"ax",%progbits
 110              		.align	1
 111              		.weak	usbd_hid_get_idle
 112              		.syntax unified
 113              		.thumb
 114              		.thumb_func
 116              	usbd_hid_get_idle:
 117              	.LVL6:
 118              	.LFB57:
  86:USER/CherryUSB/class/hid/usbd_hid.c **** 
  87:USER/CherryUSB/class/hid/usbd_hid.c **** __WEAK uint8_t usbd_hid_get_idle(uint8_t busid, uint8_t intf, uint8_t report_id)
  88:USER/CherryUSB/class/hid/usbd_hid.c **** {
 119              		.loc 1 88 1 is_stmt 1 view -0
 120              		.cfi_startproc
 121              		@ args = 0, pretend = 0, frame = 0
 122              		@ frame_needed = 0, uses_anonymous_args = 0
 123              		@ link register save eliminated.
  89:USER/CherryUSB/class/hid/usbd_hid.c ****     (void)busid;
 124              		.loc 1 89 5 view .LVU32
  90:USER/CherryUSB/class/hid/usbd_hid.c ****     (void)intf;
 125              		.loc 1 90 5 view .LVU33
  91:USER/CherryUSB/class/hid/usbd_hid.c ****     (void)report_id;
 126              		.loc 1 91 5 view .LVU34
  92:USER/CherryUSB/class/hid/usbd_hid.c ****     return 0;
 127              		.loc 1 92 5 view .LVU35
  93:USER/CherryUSB/class/hid/usbd_hid.c **** }
 128              		.loc 1 93 1 is_stmt 0 view .LVU36
 129 0000 0020     		movs	r0, #0
 130              	.LVL7:
 131              		.loc 1 93 1 view .LVU37
 132 0002 7047     		bx	lr
 133              		.cfi_endproc
 134              	.LFE57:
 136              		.section	.text.usbd_hid_get_protocol,"ax",%progbits
 137              		.align	1
 138              		.weak	usbd_hid_get_protocol
 139              		.syntax unified
 140              		.thumb
 141              		.thumb_func
ARM GAS  C:\Users\BaiJiang\AppData\Local\Temp\ccpeY1Dv.s 			page 5


 143              	usbd_hid_get_protocol:
 144              	.LVL8:
 145              	.LFB58:
  94:USER/CherryUSB/class/hid/usbd_hid.c **** 
  95:USER/CherryUSB/class/hid/usbd_hid.c **** __WEAK uint8_t usbd_hid_get_protocol(uint8_t busid, uint8_t intf)
  96:USER/CherryUSB/class/hid/usbd_hid.c **** {
 146              		.loc 1 96 1 is_stmt 1 view -0
 147              		.cfi_startproc
 148              		@ args = 0, pretend = 0, frame = 0
 149              		@ frame_needed = 0, uses_anonymous_args = 0
 150              		@ link register save eliminated.
  97:USER/CherryUSB/class/hid/usbd_hid.c ****     (void)busid;
 151              		.loc 1 97 5 view .LVU39
  98:USER/CherryUSB/class/hid/usbd_hid.c ****     (void)intf;
 152              		.loc 1 98 5 view .LVU40
  99:USER/CherryUSB/class/hid/usbd_hid.c ****     return 0;
 153              		.loc 1 99 5 view .LVU41
 100:USER/CherryUSB/class/hid/usbd_hid.c **** }
 154              		.loc 1 100 1 is_stmt 0 view .LVU42
 155 0000 0020     		movs	r0, #0
 156              	.LVL9:
 157              		.loc 1 100 1 view .LVU43
 158 0002 7047     		bx	lr
 159              		.cfi_endproc
 160              	.LFE58:
 162              		.section	.text.usbd_hid_set_report,"ax",%progbits
 163              		.align	1
 164              		.weak	usbd_hid_set_report
 165              		.syntax unified
 166              		.thumb
 167              		.thumb_func
 169              	usbd_hid_set_report:
 170              	.LVL10:
 171              	.LFB59:
 101:USER/CherryUSB/class/hid/usbd_hid.c **** 
 102:USER/CherryUSB/class/hid/usbd_hid.c **** __WEAK void usbd_hid_set_report(uint8_t busid, uint8_t intf, uint8_t report_id, uint8_t report_type
 103:USER/CherryUSB/class/hid/usbd_hid.c **** {
 172              		.loc 1 103 1 is_stmt 1 view -0
 173              		.cfi_startproc
 174              		@ args = 8, pretend = 0, frame = 0
 175              		@ frame_needed = 0, uses_anonymous_args = 0
 176              		@ link register save eliminated.
 104:USER/CherryUSB/class/hid/usbd_hid.c ****     (void)busid;
 177              		.loc 1 104 5 view .LVU45
 105:USER/CherryUSB/class/hid/usbd_hid.c ****     (void)intf;
 178              		.loc 1 105 5 view .LVU46
 106:USER/CherryUSB/class/hid/usbd_hid.c ****     (void)report_id;
 179              		.loc 1 106 5 view .LVU47
 107:USER/CherryUSB/class/hid/usbd_hid.c ****     (void)report_type;
 180              		.loc 1 107 5 view .LVU48
 108:USER/CherryUSB/class/hid/usbd_hid.c ****     (void)report;
 181              		.loc 1 108 5 view .LVU49
 109:USER/CherryUSB/class/hid/usbd_hid.c ****     (void)report_len;
 182              		.loc 1 109 5 view .LVU50
 110:USER/CherryUSB/class/hid/usbd_hid.c **** }
 183              		.loc 1 110 1 is_stmt 0 view .LVU51
 184 0000 7047     		bx	lr
ARM GAS  C:\Users\BaiJiang\AppData\Local\Temp\ccpeY1Dv.s 			page 6


 185              		.cfi_endproc
 186              	.LFE59:
 188              		.section	.text.usbd_hid_set_idle,"ax",%progbits
 189              		.align	1
 190              		.weak	usbd_hid_set_idle
 191              		.syntax unified
 192              		.thumb
 193              		.thumb_func
 195              	usbd_hid_set_idle:
 196              	.LVL11:
 197              	.LFB60:
 111:USER/CherryUSB/class/hid/usbd_hid.c **** 
 112:USER/CherryUSB/class/hid/usbd_hid.c **** __WEAK void usbd_hid_set_idle(uint8_t busid, uint8_t intf, uint8_t report_id, uint8_t duration)
 113:USER/CherryUSB/class/hid/usbd_hid.c **** {
 198              		.loc 1 113 1 is_stmt 1 view -0
 199              		.cfi_startproc
 200              		@ args = 0, pretend = 0, frame = 0
 201              		@ frame_needed = 0, uses_anonymous_args = 0
 202              		@ link register save eliminated.
 114:USER/CherryUSB/class/hid/usbd_hid.c ****     (void)busid;
 203              		.loc 1 114 5 view .LVU53
 115:USER/CherryUSB/class/hid/usbd_hid.c ****     (void)intf;
 204              		.loc 1 115 5 view .LVU54
 116:USER/CherryUSB/class/hid/usbd_hid.c ****     (void)report_id;
 205              		.loc 1 116 5 view .LVU55
 117:USER/CherryUSB/class/hid/usbd_hid.c ****     (void)duration;
 206              		.loc 1 117 5 view .LVU56
 118:USER/CherryUSB/class/hid/usbd_hid.c **** }
 207              		.loc 1 118 1 is_stmt 0 view .LVU57
 208 0000 7047     		bx	lr
 209              		.cfi_endproc
 210              	.LFE60:
 212              		.section	.text.usbd_hid_set_protocol,"ax",%progbits
 213              		.align	1
 214              		.weak	usbd_hid_set_protocol
 215              		.syntax unified
 216              		.thumb
 217              		.thumb_func
 219              	usbd_hid_set_protocol:
 220              	.LVL12:
 221              	.LFB61:
 119:USER/CherryUSB/class/hid/usbd_hid.c **** 
 120:USER/CherryUSB/class/hid/usbd_hid.c **** __WEAK void usbd_hid_set_protocol(uint8_t busid, uint8_t intf, uint8_t protocol)
 121:USER/CherryUSB/class/hid/usbd_hid.c **** {
 222              		.loc 1 121 1 is_stmt 1 view -0
 223              		.cfi_startproc
 224              		@ args = 0, pretend = 0, frame = 0
 225              		@ frame_needed = 0, uses_anonymous_args = 0
 226              		@ link register save eliminated.
 122:USER/CherryUSB/class/hid/usbd_hid.c ****     (void)busid;
 227              		.loc 1 122 5 view .LVU59
 123:USER/CherryUSB/class/hid/usbd_hid.c ****     (void)intf;
 228              		.loc 1 123 5 view .LVU60
 124:USER/CherryUSB/class/hid/usbd_hid.c ****     (void)protocol;
 229              		.loc 1 124 5 view .LVU61
 125:USER/CherryUSB/class/hid/usbd_hid.c **** }...
 230              		.loc 1 125 1 is_stmt 0 view .LVU62
ARM GAS  C:\Users\BaiJiang\AppData\Local\Temp\ccpeY1Dv.s 			page 7


 231 0000 7047     		bx	lr
 232              		.cfi_endproc
 233              	.LFE61:
 235              		.section	.text.hid_class_interface_request_handler,"ax",%progbits
 236              		.align	1
 237              		.syntax unified
 238              		.thumb
 239              		.thumb_func
 241              	hid_class_interface_request_handler:
 242              	.LVL13:
 243              	.LFB54:
  10:USER/CherryUSB/class/hid/usbd_hid.c **** {
 244              		.loc 1 10 1 is_stmt 1 view -0
 245              		.cfi_startproc
 246              		@ args = 0, pretend = 0, frame = 0
 247              		@ frame_needed = 0, uses_anonymous_args = 0
  10:USER/CherryUSB/class/hid/usbd_hid.c **** {
 248              		.loc 1 10 1 is_stmt 0 view .LVU64
 249 0000 30B5     		push	{r4, r5, lr}
 250              	.LCFI0:
 251              		.cfi_def_cfa_offset 12
 252              		.cfi_offset 4, -12
 253              		.cfi_offset 5, -8
 254              		.cfi_offset 14, -4
 255 0002 83B0     		sub	sp, sp, #12
 256              	.LCFI1:
 257              		.cfi_def_cfa_offset 24
 258 0004 8C46     		mov	ip, r1
 259 0006 1C46     		mov	r4, r3
  11:USER/CherryUSB/class/hid/usbd_hid.c ****     USB_LOG_DBG("HID Class request: "
 260              		.loc 1 11 5 is_stmt 1 view .LVU65
  13:USER/CherryUSB/class/hid/usbd_hid.c ****                 setup->bRequest);
 261              		.loc 1 13 33 view .LVU66
  15:USER/CherryUSB/class/hid/usbd_hid.c ****     uint8_t intf_num = LO_BYTE(setup->wIndex);
 262              		.loc 1 15 5 view .LVU67
  15:USER/CherryUSB/class/hid/usbd_hid.c ****     uint8_t intf_num = LO_BYTE(setup->wIndex);
 263              		.loc 1 15 24 is_stmt 0 view .LVU68
 264 0008 8988     		ldrh	r1, [r1, #4]	@ unaligned
 265              	.LVL14:
  15:USER/CherryUSB/class/hid/usbd_hid.c ****     uint8_t intf_num = LO_BYTE(setup->wIndex);
 266              		.loc 1 15 13 view .LVU69
 267 000a C9B2     		uxtb	r1, r1
 268              	.LVL15:
  17:USER/CherryUSB/class/hid/usbd_hid.c ****     switch (setup->bRequest) {
 269              		.loc 1 17 5 is_stmt 1 view .LVU70
  17:USER/CherryUSB/class/hid/usbd_hid.c ****     switch (setup->bRequest) {
 270              		.loc 1 17 18 is_stmt 0 view .LVU71
 271 000c 9CF801E0 		ldrb	lr, [ip, #1]	@ zero_extendqisi2
  17:USER/CherryUSB/class/hid/usbd_hid.c ****     switch (setup->bRequest) {
 272              		.loc 1 17 5 view .LVU72
 273 0010 0EF1FF3E 		add	lr, lr, #-1
 274 0014 BEF10A0F 		cmp	lr, #10
 275 0018 43D8     		bhi	.L19
 276 001a DFE80EF0 		tbb	[pc, lr]
 277              	.LVL16:
 278              	.L13:
 279 001e 06       		.byte	(.L18-.L13)/2
ARM GAS  C:\Users\BaiJiang\AppData\Local\Temp\ccpeY1Dv.s 			page 8


 280 001f 12       		.byte	(.L17-.L13)/2
 281 0020 1D       		.byte	(.L16-.L13)/2
 282 0021 42       		.byte	(.L19-.L13)/2
 283 0022 42       		.byte	(.L19-.L13)/2
 284 0023 42       		.byte	(.L19-.L13)/2
 285 0024 42       		.byte	(.L19-.L13)/2
 286 0025 42       		.byte	(.L19-.L13)/2
 287 0026 25       		.byte	(.L15-.L13)/2
 288 0027 33       		.byte	(.L14-.L13)/2
 289 0028 3B       		.byte	(.L12-.L13)/2
 290 0029 00       		.p2align 1
 291              	.L18:
  20:USER/CherryUSB/class/hid/usbd_hid.c ****             usbd_hid_get_report(busid, intf_num, LO_BYTE(setup->wValue), HI_BYTE(setup->wValue), da
 292              		.loc 1 20 13 is_stmt 1 view .LVU73
  20:USER/CherryUSB/class/hid/usbd_hid.c ****             usbd_hid_get_report(busid, intf_num, LO_BYTE(setup->wValue), HI_BYTE(setup->wValue), da
 293              		.loc 1 20 50 is_stmt 0 view .LVU74
 294 002a BCF802C0 		ldrh	ip, [ip, #2]	@ unaligned
 295              	.LVL17:
  20:USER/CherryUSB/class/hid/usbd_hid.c ****             usbd_hid_get_report(busid, intf_num, LO_BYTE(setup->wValue), HI_BYTE(setup->wValue), da
 296              		.loc 1 20 13 view .LVU75
 297 002e 0194     		str	r4, [sp, #4]
 298 0030 0092     		str	r2, [sp]
 299 0032 4FEA1C23 		lsr	r3, ip, #8
 300 0036 5FFA8CF2 		uxtb	r2, ip
 301              	.LVL18:
  20:USER/CherryUSB/class/hid/usbd_hid.c ****             usbd_hid_get_report(busid, intf_num, LO_BYTE(setup->wValue), HI_BYTE(setup->wValue), da
 302              		.loc 1 20 13 view .LVU76
 303 003a FFF7FEFF 		bl	usbd_hid_get_report
 304              	.LVL19:
  21:USER/CherryUSB/class/hid/usbd_hid.c ****             break;
 305              		.loc 1 21 13 is_stmt 1 view .LVU77
  47:USER/CherryUSB/class/hid/usbd_hid.c ****     return 0;
 306              		.loc 1 47 12 is_stmt 0 view .LVU78
 307 003e 0020     		movs	r0, #0
  21:USER/CherryUSB/class/hid/usbd_hid.c ****             break;
 308              		.loc 1 21 13 view .LVU79
 309 0040 31E0     		b	.L10
 310              	.LVL20:
 311              	.L17:
  23:USER/CherryUSB/class/hid/usbd_hid.c ****             (*data)[0] = usbd_hid_get_idle(busid, intf_num, LO_BYTE(setup->wValue));
 312              		.loc 1 23 13 is_stmt 1 view .LVU80
  23:USER/CherryUSB/class/hid/usbd_hid.c ****             (*data)[0] = usbd_hid_get_idle(busid, intf_num, LO_BYTE(setup->wValue));
 313              		.loc 1 23 61 is_stmt 0 view .LVU81
 314 0042 BCF80230 		ldrh	r3, [ip, #2]	@ unaligned
  23:USER/CherryUSB/class/hid/usbd_hid.c ****             (*data)[0] = usbd_hid_get_idle(busid, intf_num, LO_BYTE(setup->wValue));
 315              		.loc 1 23 14 view .LVU82
 316 0046 1568     		ldr	r5, [r2]
  23:USER/CherryUSB/class/hid/usbd_hid.c ****             (*data)[0] = usbd_hid_get_idle(busid, intf_num, LO_BYTE(setup->wValue));
 317              		.loc 1 23 26 view .LVU83
 318 0048 DAB2     		uxtb	r2, r3
 319              	.LVL21:
  23:USER/CherryUSB/class/hid/usbd_hid.c ****             (*data)[0] = usbd_hid_get_idle(busid, intf_num, LO_BYTE(setup->wValue));
 320              		.loc 1 23 26 view .LVU84
 321 004a FFF7FEFF 		bl	usbd_hid_get_idle
 322              	.LVL22:
  23:USER/CherryUSB/class/hid/usbd_hid.c ****             (*data)[0] = usbd_hid_get_idle(busid, intf_num, LO_BYTE(setup->wValue));
 323              		.loc 1 23 24 discriminator 1 view .LVU85
ARM GAS  C:\Users\BaiJiang\AppData\Local\Temp\ccpeY1Dv.s 			page 9


 324 004e 2870     		strb	r0, [r5]
  24:USER/CherryUSB/class/hid/usbd_hid.c ****             *len = 1;
 325              		.loc 1 24 13 is_stmt 1 view .LVU86
  24:USER/CherryUSB/class/hid/usbd_hid.c ****             *len = 1;
 326              		.loc 1 24 18 is_stmt 0 view .LVU87
 327 0050 0123     		movs	r3, #1
 328 0052 2360     		str	r3, [r4]
  25:USER/CherryUSB/class/hid/usbd_hid.c ****             break;
 329              		.loc 1 25 13 is_stmt 1 view .LVU88
  47:USER/CherryUSB/class/hid/usbd_hid.c ****     return 0;
 330              		.loc 1 47 12 is_stmt 0 view .LVU89
 331 0054 0020     		movs	r0, #0
  25:USER/CherryUSB/class/hid/usbd_hid.c ****             break;
 332              		.loc 1 25 13 view .LVU90
 333 0056 26E0     		b	.L10
 334              	.LVL23:
 335              	.L16:
  27:USER/CherryUSB/class/hid/usbd_hid.c ****             (*data)[0] = usbd_hid_get_protocol(busid, intf_num);
 336              		.loc 1 27 13 is_stmt 1 view .LVU91
  27:USER/CherryUSB/class/hid/usbd_hid.c ****             (*data)[0] = usbd_hid_get_protocol(busid, intf_num);
 337              		.loc 1 27 14 is_stmt 0 view .LVU92
 338 0058 1568     		ldr	r5, [r2]
  27:USER/CherryUSB/class/hid/usbd_hid.c ****             (*data)[0] = usbd_hid_get_protocol(busid, intf_num);
 339              		.loc 1 27 26 view .LVU93
 340 005a FFF7FEFF 		bl	usbd_hid_get_protocol
 341              	.LVL24:
  27:USER/CherryUSB/class/hid/usbd_hid.c ****             (*data)[0] = usbd_hid_get_protocol(busid, intf_num);
 342              		.loc 1 27 24 discriminator 1 view .LVU94
 343 005e 2870     		strb	r0, [r5]
  28:USER/CherryUSB/class/hid/usbd_hid.c ****             *len = 1;
 344              		.loc 1 28 13 is_stmt 1 view .LVU95
  28:USER/CherryUSB/class/hid/usbd_hid.c ****             *len = 1;
 345              		.loc 1 28 18 is_stmt 0 view .LVU96
 346 0060 0123     		movs	r3, #1
 347 0062 2360     		str	r3, [r4]
  29:USER/CherryUSB/class/hid/usbd_hid.c ****             break;
 348              		.loc 1 29 13 is_stmt 1 view .LVU97
  47:USER/CherryUSB/class/hid/usbd_hid.c ****     return 0;
 349              		.loc 1 47 12 is_stmt 0 view .LVU98
 350 0064 0020     		movs	r0, #0
  29:USER/CherryUSB/class/hid/usbd_hid.c ****             break;
 351              		.loc 1 29 13 view .LVU99
 352 0066 1EE0     		b	.L10
 353              	.LVL25:
 354              	.L15:
  32:USER/CherryUSB/class/hid/usbd_hid.c ****             usbd_hid_set_report(busid, intf_num, LO_BYTE(setup->wValue), HI_BYTE(setup->wValue), *d
 355              		.loc 1 32 13 is_stmt 1 view .LVU100
  32:USER/CherryUSB/class/hid/usbd_hid.c ****             usbd_hid_set_report(busid, intf_num, LO_BYTE(setup->wValue), HI_BYTE(setup->wValue), *d
 356              		.loc 1 32 50 is_stmt 0 view .LVU101
 357 0068 BCF802C0 		ldrh	ip, [ip, #2]	@ unaligned
 358              	.LVL26:
  32:USER/CherryUSB/class/hid/usbd_hid.c ****             usbd_hid_set_report(busid, intf_num, LO_BYTE(setup->wValue), HI_BYTE(setup->wValue), *d
 359              		.loc 1 32 13 view .LVU102
 360 006c 2368     		ldr	r3, [r4]
 361 006e 0193     		str	r3, [sp, #4]
 362 0070 1368     		ldr	r3, [r2]
 363 0072 0093     		str	r3, [sp]
ARM GAS  C:\Users\BaiJiang\AppData\Local\Temp\ccpeY1Dv.s 			page 10


 364 0074 4FEA1C23 		lsr	r3, ip, #8
 365 0078 5FFA8CF2 		uxtb	r2, ip
 366              	.LVL27:
  32:USER/CherryUSB/class/hid/usbd_hid.c ****             usbd_hid_set_report(busid, intf_num, LO_BYTE(setup->wValue), HI_BYTE(setup->wValue), *d
 367              		.loc 1 32 13 view .LVU103
 368 007c FFF7FEFF 		bl	usbd_hid_set_report
 369              	.LVL28:
  33:USER/CherryUSB/class/hid/usbd_hid.c ****             break;
 370              		.loc 1 33 13 is_stmt 1 view .LVU104
  47:USER/CherryUSB/class/hid/usbd_hid.c ****     return 0;
 371              		.loc 1 47 12 is_stmt 0 view .LVU105
 372 0080 0020     		movs	r0, #0
  33:USER/CherryUSB/class/hid/usbd_hid.c ****             break;
 373              		.loc 1 33 13 view .LVU106
 374 0082 10E0     		b	.L10
 375              	.LVL29:
 376              	.L14:
  36:USER/CherryUSB/class/hid/usbd_hid.c ****             usbd_hid_set_idle(busid, intf_num, LO_BYTE(setup->wValue), HI_BYTE(setup->wValue));
 377              		.loc 1 36 13 is_stmt 1 view .LVU107
  36:USER/CherryUSB/class/hid/usbd_hid.c ****             usbd_hid_set_idle(busid, intf_num, LO_BYTE(setup->wValue), HI_BYTE(setup->wValue));
 378              		.loc 1 36 48 is_stmt 0 view .LVU108
 379 0084 BCF80220 		ldrh	r2, [ip, #2]	@ unaligned
 380              	.LVL30:
  36:USER/CherryUSB/class/hid/usbd_hid.c ****             usbd_hid_set_idle(busid, intf_num, LO_BYTE(setup->wValue), HI_BYTE(setup->wValue));
 381              		.loc 1 36 13 view .LVU109
 382 0088 130A     		lsrs	r3, r2, #8
 383 008a D2B2     		uxtb	r2, r2
 384 008c FFF7FEFF 		bl	usbd_hid_set_idle
 385              	.LVL31:
  37:USER/CherryUSB/class/hid/usbd_hid.c ****             break;
 386              		.loc 1 37 13 is_stmt 1 view .LVU110
  47:USER/CherryUSB/class/hid/usbd_hid.c ****     return 0;
 387              		.loc 1 47 12 is_stmt 0 view .LVU111
 388 0090 0020     		movs	r0, #0
  37:USER/CherryUSB/class/hid/usbd_hid.c ****             break;
 389              		.loc 1 37 13 view .LVU112
 390 0092 08E0     		b	.L10
 391              	.LVL32:
 392              	.L12:
  40:USER/CherryUSB/class/hid/usbd_hid.c ****             usbd_hid_set_protocol(busid, intf_num, LO_BYTE(setup->wValue));
 393              		.loc 1 40 13 is_stmt 1 view .LVU113
  40:USER/CherryUSB/class/hid/usbd_hid.c ****             usbd_hid_set_protocol(busid, intf_num, LO_BYTE(setup->wValue));
 394              		.loc 1 40 52 is_stmt 0 view .LVU114
 395 0094 BCF80220 		ldrh	r2, [ip, #2]	@ unaligned
 396              	.LVL33:
  40:USER/CherryUSB/class/hid/usbd_hid.c ****             usbd_hid_set_protocol(busid, intf_num, LO_BYTE(setup->wValue));
 397              		.loc 1 40 13 view .LVU115
 398 0098 D2B2     		uxtb	r2, r2
 399 009a FFF7FEFF 		bl	usbd_hid_set_protocol
 400              	.LVL34:
  41:USER/CherryUSB/class/hid/usbd_hid.c ****             break;
 401              		.loc 1 41 13 is_stmt 1 view .LVU116
  47:USER/CherryUSB/class/hid/usbd_hid.c ****     return 0;
 402              		.loc 1 47 12 is_stmt 0 view .LVU117
 403 009e 0020     		movs	r0, #0
  41:USER/CherryUSB/class/hid/usbd_hid.c ****             break;
 404              		.loc 1 41 13 view .LVU118
ARM GAS  C:\Users\BaiJiang\AppData\Local\Temp\ccpeY1Dv.s 			page 11


 405 00a0 01E0     		b	.L10
 406              	.LVL35:
 407              	.L19:
  17:USER/CherryUSB/class/hid/usbd_hid.c ****     switch (setup->bRequest) {
 408              		.loc 1 17 5 view .LVU119
 409 00a2 4FF0FF30 		mov	r0, #-1
 410              	.LVL36:
 411              	.L10:
  48:USER/CherryUSB/class/hid/usbd_hid.c **** }
 412              		.loc 1 48 1 view .LVU120
 413 00a6 03B0     		add	sp, sp, #12
 414              	.LCFI2:
 415              		.cfi_def_cfa_offset 12
 416              		@ sp needed
 417 00a8 30BD     		pop	{r4, r5, pc}
  48:USER/CherryUSB/class/hid/usbd_hid.c **** }
 418              		.loc 1 48 1 view .LVU121
 419              		.cfi_endproc
 420              	.LFE54:
 422              		.text
 423              	.Letext0:
 424              		.file 2 "D:/GCC/xpack-arm-none-eabi-gcc-13.2.1-1.1/arm-none-eabi/include/machine/_default_types.h"
 425              		.file 3 "D:/GCC/xpack-arm-none-eabi-gcc-13.2.1-1.1/arm-none-eabi/include/sys/_stdint.h"
 426              		.file 4 "USER/CherryUSB/common/usb_def.h"
 427              		.file 5 "USER/CherryUSB/core/usbd_core.h"
ARM GAS  C:\Users\BaiJiang\AppData\Local\Temp\ccpeY1Dv.s 			page 12


DEFINED SYMBOLS
                            *ABS*:00000000 usbd_hid.c
C:\Users\BaiJiang\AppData\Local\Temp\ccpeY1Dv.s:19     .text.usbd_hid_init_intf:00000000 $t
C:\Users\BaiJiang\AppData\Local\Temp\ccpeY1Dv.s:25     .text.usbd_hid_init_intf:00000000 usbd_hid_init_intf
C:\Users\BaiJiang\AppData\Local\Temp\ccpeY1Dv.s:65     .text.usbd_hid_init_intf:00000014 $d
C:\Users\BaiJiang\AppData\Local\Temp\ccpeY1Dv.s:241    .text.hid_class_interface_request_handler:00000000 hid_class_interface_request_handler
C:\Users\BaiJiang\AppData\Local\Temp\ccpeY1Dv.s:70     .text.usbd_hid_get_report:00000000 $t
C:\Users\BaiJiang\AppData\Local\Temp\ccpeY1Dv.s:76     .text.usbd_hid_get_report:00000000 usbd_hid_get_report
C:\Users\BaiJiang\AppData\Local\Temp\ccpeY1Dv.s:110    .text.usbd_hid_get_idle:00000000 $t
C:\Users\BaiJiang\AppData\Local\Temp\ccpeY1Dv.s:116    .text.usbd_hid_get_idle:00000000 usbd_hid_get_idle
C:\Users\BaiJiang\AppData\Local\Temp\ccpeY1Dv.s:137    .text.usbd_hid_get_protocol:00000000 $t
C:\Users\BaiJiang\AppData\Local\Temp\ccpeY1Dv.s:143    .text.usbd_hid_get_protocol:00000000 usbd_hid_get_protocol
C:\Users\BaiJiang\AppData\Local\Temp\ccpeY1Dv.s:163    .text.usbd_hid_set_report:00000000 $t
C:\Users\BaiJiang\AppData\Local\Temp\ccpeY1Dv.s:169    .text.usbd_hid_set_report:00000000 usbd_hid_set_report
C:\Users\BaiJiang\AppData\Local\Temp\ccpeY1Dv.s:189    .text.usbd_hid_set_idle:00000000 $t
C:\Users\BaiJiang\AppData\Local\Temp\ccpeY1Dv.s:195    .text.usbd_hid_set_idle:00000000 usbd_hid_set_idle
C:\Users\BaiJiang\AppData\Local\Temp\ccpeY1Dv.s:213    .text.usbd_hid_set_protocol:00000000 $t
C:\Users\BaiJiang\AppData\Local\Temp\ccpeY1Dv.s:219    .text.usbd_hid_set_protocol:00000000 usbd_hid_set_protocol
C:\Users\BaiJiang\AppData\Local\Temp\ccpeY1Dv.s:236    .text.hid_class_interface_request_handler:00000000 $t
C:\Users\BaiJiang\AppData\Local\Temp\ccpeY1Dv.s:279    .text.hid_class_interface_request_handler:0000001e $d
C:\Users\BaiJiang\AppData\Local\Temp\ccpeY1Dv.s:290    .text.hid_class_interface_request_handler:00000029 $d
C:\Users\BaiJiang\AppData\Local\Temp\ccpeY1Dv.s:290    .text.hid_class_interface_request_handler:0000002a $t

NO UNDEFINED SYMBOLS
