ARM GAS  C:\Users\BaiJiang\AppData\Local\Temp\ccv5V8hX.s 			page 1


   1              		.cpu cortex-m3
   2              		.arch armv7-m
   3              		.fpu softvfp
   4              		.eabi_attribute 20, 1
   5              		.eabi_attribute 21, 1
   6              		.eabi_attribute 23, 3
   7              		.eabi_attribute 24, 1
   8              		.eabi_attribute 25, 1
   9              		.eabi_attribute 26, 1
  10              		.eabi_attribute 30, 1
  11              		.eabi_attribute 34, 1
  12              		.eabi_attribute 18, 4
  13              		.file	"usbd_custom_hid_if.c"
  14              		.text
  15              	.Ltext0:
  16              		.cfi_sections	.debug_frame
  17              		.file 1 "USB_DEVICE/App/usbd_custom_hid_if.c"
  18              		.section	.text.CUSTOM_HID_Init_FS,"ax",%progbits
  19              		.align	1
  20              		.syntax unified
  21              		.thumb
  22              		.thumb_func
  24              	CUSTOM_HID_Init_FS:
  25              	.LFB68:
   1:USB_DEVICE/App/usbd_custom_hid_if.c **** /* USER CODE BEGIN Header */
   2:USB_DEVICE/App/usbd_custom_hid_if.c **** /**
   3:USB_DEVICE/App/usbd_custom_hid_if.c ****   ******************************************************************************
   4:USB_DEVICE/App/usbd_custom_hid_if.c ****   * @file           : usbd_custom_hid_if.c
   5:USB_DEVICE/App/usbd_custom_hid_if.c ****   * @version        : v2.0_Cube
   6:USB_DEVICE/App/usbd_custom_hid_if.c ****   * @brief          : USB Device Custom HID interface file.
   7:USB_DEVICE/App/usbd_custom_hid_if.c ****   ******************************************************************************
   8:USB_DEVICE/App/usbd_custom_hid_if.c ****   * @attention
   9:USB_DEVICE/App/usbd_custom_hid_if.c ****   *
  10:USB_DEVICE/App/usbd_custom_hid_if.c ****   * Copyright (c) 2026 STMicroelectronics.
  11:USB_DEVICE/App/usbd_custom_hid_if.c ****   * All rights reserved.
  12:USB_DEVICE/App/usbd_custom_hid_if.c ****   *
  13:USB_DEVICE/App/usbd_custom_hid_if.c ****   * This software is licensed under terms that can be found in the LICENSE file
  14:USB_DEVICE/App/usbd_custom_hid_if.c ****   * in the root directory of this software component.
  15:USB_DEVICE/App/usbd_custom_hid_if.c ****   * If no LICENSE file comes with this software, it is provided AS-IS.
  16:USB_DEVICE/App/usbd_custom_hid_if.c ****   *
  17:USB_DEVICE/App/usbd_custom_hid_if.c ****   ******************************************************************************
  18:USB_DEVICE/App/usbd_custom_hid_if.c ****   */
  19:USB_DEVICE/App/usbd_custom_hid_if.c **** /* USER CODE END Header */
  20:USB_DEVICE/App/usbd_custom_hid_if.c **** 
  21:USB_DEVICE/App/usbd_custom_hid_if.c **** /* Includes ------------------------------------------------------------------*/
  22:USB_DEVICE/App/usbd_custom_hid_if.c **** #include "usbd_custom_hid_if.h"
  23:USB_DEVICE/App/usbd_custom_hid_if.c **** 
  24:USB_DEVICE/App/usbd_custom_hid_if.c **** /* USER CODE BEGIN INCLUDE */
  25:USB_DEVICE/App/usbd_custom_hid_if.c **** 
  26:USB_DEVICE/App/usbd_custom_hid_if.c **** /* USER CODE END INCLUDE */
  27:USB_DEVICE/App/usbd_custom_hid_if.c **** 
  28:USB_DEVICE/App/usbd_custom_hid_if.c **** /* Private typedef -----------------------------------------------------------*/
  29:USB_DEVICE/App/usbd_custom_hid_if.c **** /* Private define ------------------------------------------------------------*/
  30:USB_DEVICE/App/usbd_custom_hid_if.c **** /* Private macro -------------------------------------------------------------*/
  31:USB_DEVICE/App/usbd_custom_hid_if.c **** 
  32:USB_DEVICE/App/usbd_custom_hid_if.c **** /* USER CODE BEGIN PV */
  33:USB_DEVICE/App/usbd_custom_hid_if.c **** /* Private variables ---------------------------------------------------------*/
ARM GAS  C:\Users\BaiJiang\AppData\Local\Temp\ccv5V8hX.s 			page 2


  34:USB_DEVICE/App/usbd_custom_hid_if.c **** 
  35:USB_DEVICE/App/usbd_custom_hid_if.c **** /* USER CODE END PV */
  36:USB_DEVICE/App/usbd_custom_hid_if.c **** 
  37:USB_DEVICE/App/usbd_custom_hid_if.c **** /** @addtogroup STM32_USB_OTG_DEVICE_LIBRARY
  38:USB_DEVICE/App/usbd_custom_hid_if.c ****   * @brief Usb device.
  39:USB_DEVICE/App/usbd_custom_hid_if.c ****   * @{
  40:USB_DEVICE/App/usbd_custom_hid_if.c ****   */
  41:USB_DEVICE/App/usbd_custom_hid_if.c **** 
  42:USB_DEVICE/App/usbd_custom_hid_if.c **** /** @addtogroup USBD_CUSTOM_HID
  43:USB_DEVICE/App/usbd_custom_hid_if.c ****   * @{
  44:USB_DEVICE/App/usbd_custom_hid_if.c ****   */
  45:USB_DEVICE/App/usbd_custom_hid_if.c **** 
  46:USB_DEVICE/App/usbd_custom_hid_if.c **** /** @defgroup USBD_CUSTOM_HID_Private_TypesDefinitions USBD_CUSTOM_HID_Private_TypesDefinitions
  47:USB_DEVICE/App/usbd_custom_hid_if.c ****   * @brief Private types.
  48:USB_DEVICE/App/usbd_custom_hid_if.c ****   * @{
  49:USB_DEVICE/App/usbd_custom_hid_if.c ****   */
  50:USB_DEVICE/App/usbd_custom_hid_if.c **** 
  51:USB_DEVICE/App/usbd_custom_hid_if.c **** /* USER CODE BEGIN PRIVATE_TYPES */
  52:USB_DEVICE/App/usbd_custom_hid_if.c **** 
  53:USB_DEVICE/App/usbd_custom_hid_if.c **** /* USER CODE END PRIVATE_TYPES */
  54:USB_DEVICE/App/usbd_custom_hid_if.c **** 
  55:USB_DEVICE/App/usbd_custom_hid_if.c **** /**
  56:USB_DEVICE/App/usbd_custom_hid_if.c ****   * @}
  57:USB_DEVICE/App/usbd_custom_hid_if.c ****   */
  58:USB_DEVICE/App/usbd_custom_hid_if.c **** 
  59:USB_DEVICE/App/usbd_custom_hid_if.c **** /** @defgroup USBD_CUSTOM_HID_Private_Defines USBD_CUSTOM_HID_Private_Defines
  60:USB_DEVICE/App/usbd_custom_hid_if.c ****   * @brief Private defines.
  61:USB_DEVICE/App/usbd_custom_hid_if.c ****   * @{
  62:USB_DEVICE/App/usbd_custom_hid_if.c ****   */
  63:USB_DEVICE/App/usbd_custom_hid_if.c **** 
  64:USB_DEVICE/App/usbd_custom_hid_if.c **** /* USER CODE BEGIN PRIVATE_DEFINES */
  65:USB_DEVICE/App/usbd_custom_hid_if.c **** 
  66:USB_DEVICE/App/usbd_custom_hid_if.c **** /* USER CODE END PRIVATE_DEFINES */
  67:USB_DEVICE/App/usbd_custom_hid_if.c **** 
  68:USB_DEVICE/App/usbd_custom_hid_if.c **** /**
  69:USB_DEVICE/App/usbd_custom_hid_if.c ****   * @}
  70:USB_DEVICE/App/usbd_custom_hid_if.c ****   */
  71:USB_DEVICE/App/usbd_custom_hid_if.c **** 
  72:USB_DEVICE/App/usbd_custom_hid_if.c **** /** @defgroup USBD_CUSTOM_HID_Private_Macros USBD_CUSTOM_HID_Private_Macros
  73:USB_DEVICE/App/usbd_custom_hid_if.c ****   * @brief Private macros.
  74:USB_DEVICE/App/usbd_custom_hid_if.c ****   * @{
  75:USB_DEVICE/App/usbd_custom_hid_if.c ****   */
  76:USB_DEVICE/App/usbd_custom_hid_if.c **** 
  77:USB_DEVICE/App/usbd_custom_hid_if.c **** /* USER CODE BEGIN PRIVATE_MACRO */
  78:USB_DEVICE/App/usbd_custom_hid_if.c **** __ALIGN_BEGIN uint8_t CUSTOM_HID_ReportDesc_FS1[USBD_CUSTOM_HID_REPORT_DESC_SIZE]  __ALIGN_END =
  79:USB_DEVICE/App/usbd_custom_hid_if.c **** {
  80:USB_DEVICE/App/usbd_custom_hid_if.c **** //  0x05,   0x01,
  81:USB_DEVICE/App/usbd_custom_hid_if.c **** //  0x09,   0x02,
  82:USB_DEVICE/App/usbd_custom_hid_if.c **** //  0xA1,   0x01,
  83:USB_DEVICE/App/usbd_custom_hid_if.c **** //  0x09,   0x01,
  84:USB_DEVICE/App/usbd_custom_hid_if.c **** 
  85:USB_DEVICE/App/usbd_custom_hid_if.c **** //  0xA1,   0x00,
  86:USB_DEVICE/App/usbd_custom_hid_if.c **** //  0x05,   0x09,
  87:USB_DEVICE/App/usbd_custom_hid_if.c **** //  0x19,   0x01,
  88:USB_DEVICE/App/usbd_custom_hid_if.c **** //  0x29,   0x03,
  89:USB_DEVICE/App/usbd_custom_hid_if.c **** 
  90:USB_DEVICE/App/usbd_custom_hid_if.c **** //  0x15,   0x00,
ARM GAS  C:\Users\BaiJiang\AppData\Local\Temp\ccv5V8hX.s 			page 3


  91:USB_DEVICE/App/usbd_custom_hid_if.c **** //  0x25,   0x01,
  92:USB_DEVICE/App/usbd_custom_hid_if.c **** //  0x95,   0x03,
  93:USB_DEVICE/App/usbd_custom_hid_if.c **** //  0x75,   0x01,
  94:USB_DEVICE/App/usbd_custom_hid_if.c **** 
  95:USB_DEVICE/App/usbd_custom_hid_if.c **** //  0x81,   0x02,
  96:USB_DEVICE/App/usbd_custom_hid_if.c **** //  0x95,   0x01,
  97:USB_DEVICE/App/usbd_custom_hid_if.c **** //  0x75,   0x05,
  98:USB_DEVICE/App/usbd_custom_hid_if.c **** //  0x81,   0x01,
  99:USB_DEVICE/App/usbd_custom_hid_if.c **** 
 100:USB_DEVICE/App/usbd_custom_hid_if.c **** //  0x05,   0x01,
 101:USB_DEVICE/App/usbd_custom_hid_if.c **** //  0x09,   0x30,
 102:USB_DEVICE/App/usbd_custom_hid_if.c **** //  0x09,   0x31,
 103:USB_DEVICE/App/usbd_custom_hid_if.c **** //  0x09,   0x38,
 104:USB_DEVICE/App/usbd_custom_hid_if.c **** 
 105:USB_DEVICE/App/usbd_custom_hid_if.c **** //  0x15,   0x81,
 106:USB_DEVICE/App/usbd_custom_hid_if.c **** //  0x25,   0x7F,
 107:USB_DEVICE/App/usbd_custom_hid_if.c **** //  0x75,   0x08,
 108:USB_DEVICE/App/usbd_custom_hid_if.c **** //  0x95,   0x03,
 109:USB_DEVICE/App/usbd_custom_hid_if.c **** 
 110:USB_DEVICE/App/usbd_custom_hid_if.c **** //  0x81,   0x06,
 111:USB_DEVICE/App/usbd_custom_hid_if.c **** //  0xC0,   0x09,
 112:USB_DEVICE/App/usbd_custom_hid_if.c **** //  0x3c,   0x05,
 113:USB_DEVICE/App/usbd_custom_hid_if.c **** //  0xff,   0x09,
 114:USB_DEVICE/App/usbd_custom_hid_if.c **** 
 115:USB_DEVICE/App/usbd_custom_hid_if.c **** //  0x01,   0x15,
 116:USB_DEVICE/App/usbd_custom_hid_if.c **** //  0x00,   0x25,
 117:USB_DEVICE/App/usbd_custom_hid_if.c **** //  0x01,   0x75,
 118:USB_DEVICE/App/usbd_custom_hid_if.c **** //  0x01,   0x95,
 119:USB_DEVICE/App/usbd_custom_hid_if.c **** 
 120:USB_DEVICE/App/usbd_custom_hid_if.c **** //  0x02,   0xb1,
 121:USB_DEVICE/App/usbd_custom_hid_if.c **** //  0x22,   0x75,
 122:USB_DEVICE/App/usbd_custom_hid_if.c **** //  0x06,   0x95,
 123:USB_DEVICE/App/usbd_custom_hid_if.c **** //  0x01,   0xb1,
 124:USB_DEVICE/App/usbd_custom_hid_if.c **** 
 125:USB_DEVICE/App/usbd_custom_hid_if.c **** //  0x01,   0xc0
 126:USB_DEVICE/App/usbd_custom_hid_if.c **** 
 127:USB_DEVICE/App/usbd_custom_hid_if.c **** //game pad 47
 128:USB_DEVICE/App/usbd_custom_hid_if.c ****     0x05, 0x01,                    // USAGE_PAGE (Generic Desktop)
 129:USB_DEVICE/App/usbd_custom_hid_if.c ****     0x09, 0x05,                    // USAGE (Game Pad)
 130:USB_DEVICE/App/usbd_custom_hid_if.c ****     0xa1, 0x01,                    // COLLECTION (Application)
 131:USB_DEVICE/App/usbd_custom_hid_if.c ****     
 132:USB_DEVICE/App/usbd_custom_hid_if.c ****     0xa1, 0x00,                    //   COLLECTION (Physical)
 133:USB_DEVICE/App/usbd_custom_hid_if.c ****     
 134:USB_DEVICE/App/usbd_custom_hid_if.c ****     0X85, 0X01,                    // REPORT ID(02)
 135:USB_DEVICE/App/usbd_custom_hid_if.c ****     
 136:USB_DEVICE/App/usbd_custom_hid_if.c ****     0x05, 0x09,                    //     USAGE_PAGE (Button)
 137:USB_DEVICE/App/usbd_custom_hid_if.c ****     0x19, 0x01,                    //     USAGE_MINIMUM (Button 1)
 138:USB_DEVICE/App/usbd_custom_hid_if.c ****     0x29, 0x10,                    //     USAGE_MAXIMUM (Button 16)
 139:USB_DEVICE/App/usbd_custom_hid_if.c ****     0x15, 0x00,                    //     LOGICAL_MINIMUM (0)
 140:USB_DEVICE/App/usbd_custom_hid_if.c ****     0x25, 0x01,                    //     LOGICAL_MAXIMUM (1)
 141:USB_DEVICE/App/usbd_custom_hid_if.c ****     0x95, 0x10,                    //     REPORT_COUNT (16)
 142:USB_DEVICE/App/usbd_custom_hid_if.c ****     0x75, 0x01,                    //     REPORT_SIZE (1)
 143:USB_DEVICE/App/usbd_custom_hid_if.c ****     0x81, 0x02,                    //     INPUT (Data,Var,Abs)
 144:USB_DEVICE/App/usbd_custom_hid_if.c ****     
 145:USB_DEVICE/App/usbd_custom_hid_if.c ****     0x05, 0x01,                    //     USAGE_PAGE (Generic Desktop)
 146:USB_DEVICE/App/usbd_custom_hid_if.c ****     0x09, 0x30,                    //     USAGE (X)
 147:USB_DEVICE/App/usbd_custom_hid_if.c ****     0x09, 0x31,                    //     USAGE (Y)
ARM GAS  C:\Users\BaiJiang\AppData\Local\Temp\ccv5V8hX.s 			page 4


 148:USB_DEVICE/App/usbd_custom_hid_if.c ****     0x09, 0x32,                    //     Usage (Z)
 149:USB_DEVICE/App/usbd_custom_hid_if.c ****     0x09, 0x33,                    //     Usage (Rx)
 150:USB_DEVICE/App/usbd_custom_hid_if.c ****     0x15, 0x00,                    //     LOGICAL_MINIMUM (0)
 151:USB_DEVICE/App/usbd_custom_hid_if.c ****     0x26, 0xff, 0x00,              //     LOGICAL_MAXIMUM (255)
 152:USB_DEVICE/App/usbd_custom_hid_if.c ****     0x75, 0x08,                    //     REPORT_SIZE (8)
 153:USB_DEVICE/App/usbd_custom_hid_if.c ****     0x95, 0x04,                    //     REPORT_COUNT (4)
 154:USB_DEVICE/App/usbd_custom_hid_if.c ****     0x81, 0x02,                    //     INPUT (Data,Var,Abs)
 155:USB_DEVICE/App/usbd_custom_hid_if.c ****     
 156:USB_DEVICE/App/usbd_custom_hid_if.c ****     0xc0,                          //     END_COLLECTION
 157:USB_DEVICE/App/usbd_custom_hid_if.c ****     0xc0,                           // END_COLLECTION
 158:USB_DEVICE/App/usbd_custom_hid_if.c **** 
 159:USB_DEVICE/App/usbd_custom_hid_if.c **** // keyboad 73
 160:USB_DEVICE/App/usbd_custom_hid_if.c **** 
 161:USB_DEVICE/App/usbd_custom_hid_if.c ****     0x05, 0x01,                    // USAGE_PAGE (Generic Desktop)
 162:USB_DEVICE/App/usbd_custom_hid_if.c ****     0x09, 0x06,                    // USAGE (Keyboard)
 163:USB_DEVICE/App/usbd_custom_hid_if.c ****     0xa1, 0x01,                    // COLLECTION (Application)
 164:USB_DEVICE/App/usbd_custom_hid_if.c ****     
 165:USB_DEVICE/App/usbd_custom_hid_if.c ****     0X85,0X02,                     // REPORT ID(02)
 166:USB_DEVICE/App/usbd_custom_hid_if.c ****     
 167:USB_DEVICE/App/usbd_custom_hid_if.c ****     0x05, 0x07,                    //   USAGE_PAGE (Keyboard)
 168:USB_DEVICE/App/usbd_custom_hid_if.c ****     0x19, 0xe0,                    //   USAGE_MINIMUM (Keyboard LeftControl)
 169:USB_DEVICE/App/usbd_custom_hid_if.c ****     0x29, 0xe7,                    //   USAGE_MAXIMUM (Keyboard Right GUI)
 170:USB_DEVICE/App/usbd_custom_hid_if.c ****     0x15, 0x00,                    //   LOGICAL_MINIMUM (0)
 171:USB_DEVICE/App/usbd_custom_hid_if.c ****     0x25, 0x01,                    //   LOGICAL_MAXIMUM (1)
 172:USB_DEVICE/App/usbd_custom_hid_if.c ****     0x95, 0x08,                    //   REPORT_COUNT (8)
 173:USB_DEVICE/App/usbd_custom_hid_if.c ****     0x75, 0x01,                    //   REPORT_SIZE (1)
 174:USB_DEVICE/App/usbd_custom_hid_if.c ****     0x81, 0x02,                    //   INPUT (Data,Var,Abs)
 175:USB_DEVICE/App/usbd_custom_hid_if.c **** //    0x95, 0x01,                    //   REPORT_COUNT (1)
 176:USB_DEVICE/App/usbd_custom_hid_if.c **** //    0x75, 0x08,                    //   REPORT_SIZE (8)
 177:USB_DEVICE/App/usbd_custom_hid_if.c **** //    0x81, 0x03,                    //   INPUT (Cnst,Var,Abs)
 178:USB_DEVICE/App/usbd_custom_hid_if.c ****     0x05, 0x07,                    //   USAGE_PAGE (Keyboard)
 179:USB_DEVICE/App/usbd_custom_hid_if.c ****     0x19, 0x04,                    //   USAGE_MINIMUM (Keyboard a and A)
 180:USB_DEVICE/App/usbd_custom_hid_if.c ****     0x29, 0x65,                    //   USAGE_MAXIMUM (Keyboard Application)
 181:USB_DEVICE/App/usbd_custom_hid_if.c ****     0x15, 0x00,                    //   LOGICAL_MINIMUM (0)
 182:USB_DEVICE/App/usbd_custom_hid_if.c ****     0x25, 0x01,                    //   LOGICAL_MAXIMUM (1)
 183:USB_DEVICE/App/usbd_custom_hid_if.c ****     0x95, 0x62,                    //   REPORT_COUNT (98)
 184:USB_DEVICE/App/usbd_custom_hid_if.c ****     0x75, 0x01,                    //   REPORT_SIZE (1)
 185:USB_DEVICE/App/usbd_custom_hid_if.c ****     0x81, 0x02,                    //   INPUT (Data,Var,Abs)
 186:USB_DEVICE/App/usbd_custom_hid_if.c ****     0x95, 0x01,                    //   REPORT_COUNT (1)
 187:USB_DEVICE/App/usbd_custom_hid_if.c ****     0x75, 0x06,                    //   REPORT_SIZE (6)
 188:USB_DEVICE/App/usbd_custom_hid_if.c ****     0x81, 0x03,                    //   INPUT (Cnst,Var,Abs)
 189:USB_DEVICE/App/usbd_custom_hid_if.c ****     0x05, 0x08,                    //   USAGE_PAGE (LEDs)
 190:USB_DEVICE/App/usbd_custom_hid_if.c ****     0x19, 0x01,                    //   USAGE_MINIMUM (Num Lock)
 191:USB_DEVICE/App/usbd_custom_hid_if.c ****     0x29, 0x05,                    //   USAGE_MAXIMUM (Kana)
 192:USB_DEVICE/App/usbd_custom_hid_if.c ****     0x15, 0x00,                    //   LOGICAL_MINIMUM (0)
 193:USB_DEVICE/App/usbd_custom_hid_if.c ****     0x25, 0x01,                    //   LOGICAL_MAXIMUM (1)
 194:USB_DEVICE/App/usbd_custom_hid_if.c ****     0x95, 0x05,                    //   REPORT_COUNT (5)
 195:USB_DEVICE/App/usbd_custom_hid_if.c ****     0x75, 0x01,                    //   REPORT_SIZE (1)
 196:USB_DEVICE/App/usbd_custom_hid_if.c ****     0x91, 0x02,                    //   OUTPUT (Data,Var,Abs)
 197:USB_DEVICE/App/usbd_custom_hid_if.c ****     0x95, 0x01,                    //   REPORT_COUNT (1)
 198:USB_DEVICE/App/usbd_custom_hid_if.c ****     0x75, 0x03,                    //   REPORT_SIZE (3)
 199:USB_DEVICE/App/usbd_custom_hid_if.c ****     0x91, 0x03,                    //   OUTPUT (Cnst,Var,Abs)
 200:USB_DEVICE/App/usbd_custom_hid_if.c ****     0xc0                           // END_COLLECTION
 201:USB_DEVICE/App/usbd_custom_hid_if.c **** 
 202:USB_DEVICE/App/usbd_custom_hid_if.c **** };
 203:USB_DEVICE/App/usbd_custom_hid_if.c **** /* USER CODE END PRIVATE_MACRO */
 204:USB_DEVICE/App/usbd_custom_hid_if.c **** 
ARM GAS  C:\Users\BaiJiang\AppData\Local\Temp\ccv5V8hX.s 			page 5


 205:USB_DEVICE/App/usbd_custom_hid_if.c **** /**
 206:USB_DEVICE/App/usbd_custom_hid_if.c ****   * @}
 207:USB_DEVICE/App/usbd_custom_hid_if.c ****   */
 208:USB_DEVICE/App/usbd_custom_hid_if.c **** 
 209:USB_DEVICE/App/usbd_custom_hid_if.c **** /** @defgroup USBD_CUSTOM_HID_Private_Variables USBD_CUSTOM_HID_Private_Variables
 210:USB_DEVICE/App/usbd_custom_hid_if.c ****   * @brief Private variables.
 211:USB_DEVICE/App/usbd_custom_hid_if.c ****   * @{
 212:USB_DEVICE/App/usbd_custom_hid_if.c ****   */
 213:USB_DEVICE/App/usbd_custom_hid_if.c **** 
 214:USB_DEVICE/App/usbd_custom_hid_if.c **** /** Usb HID report descriptor. */
 215:USB_DEVICE/App/usbd_custom_hid_if.c **** __ALIGN_BEGIN static uint8_t CUSTOM_HID_ReportDesc_FS[USBD_CUSTOM_HID_REPORT_DESC_SIZE] __ALIGN_END
 216:USB_DEVICE/App/usbd_custom_hid_if.c **** {
 217:USB_DEVICE/App/usbd_custom_hid_if.c ****   /* USER CODE BEGIN 0 */
 218:USB_DEVICE/App/usbd_custom_hid_if.c ****   0x00,
 219:USB_DEVICE/App/usbd_custom_hid_if.c ****   /* USER CODE END 0 */
 220:USB_DEVICE/App/usbd_custom_hid_if.c ****   0xC0    /*     END_COLLECTION	             */
 221:USB_DEVICE/App/usbd_custom_hid_if.c **** };
 222:USB_DEVICE/App/usbd_custom_hid_if.c **** 
 223:USB_DEVICE/App/usbd_custom_hid_if.c **** /* USER CODE BEGIN PRIVATE_VARIABLES */
 224:USB_DEVICE/App/usbd_custom_hid_if.c **** 
 225:USB_DEVICE/App/usbd_custom_hid_if.c **** /* USER CODE END PRIVATE_VARIABLES */
 226:USB_DEVICE/App/usbd_custom_hid_if.c **** 
 227:USB_DEVICE/App/usbd_custom_hid_if.c **** /**
 228:USB_DEVICE/App/usbd_custom_hid_if.c ****   * @}
 229:USB_DEVICE/App/usbd_custom_hid_if.c ****   */
 230:USB_DEVICE/App/usbd_custom_hid_if.c **** 
 231:USB_DEVICE/App/usbd_custom_hid_if.c **** /** @defgroup USBD_CUSTOM_HID_Exported_Variables USBD_CUSTOM_HID_Exported_Variables
 232:USB_DEVICE/App/usbd_custom_hid_if.c ****   * @brief Public variables.
 233:USB_DEVICE/App/usbd_custom_hid_if.c ****   * @{
 234:USB_DEVICE/App/usbd_custom_hid_if.c ****   */
 235:USB_DEVICE/App/usbd_custom_hid_if.c **** extern USBD_HandleTypeDef hUsbDeviceFS;
 236:USB_DEVICE/App/usbd_custom_hid_if.c **** 
 237:USB_DEVICE/App/usbd_custom_hid_if.c **** /* USER CODE BEGIN EXPORTED_VARIABLES */
 238:USB_DEVICE/App/usbd_custom_hid_if.c **** 
 239:USB_DEVICE/App/usbd_custom_hid_if.c **** /* USER CODE END EXPORTED_VARIABLES */
 240:USB_DEVICE/App/usbd_custom_hid_if.c **** /**
 241:USB_DEVICE/App/usbd_custom_hid_if.c ****   * @}
 242:USB_DEVICE/App/usbd_custom_hid_if.c ****   */
 243:USB_DEVICE/App/usbd_custom_hid_if.c **** 
 244:USB_DEVICE/App/usbd_custom_hid_if.c **** /** @defgroup USBD_CUSTOM_HID_Private_FunctionPrototypes USBD_CUSTOM_HID_Private_FunctionPrototypes
 245:USB_DEVICE/App/usbd_custom_hid_if.c ****   * @brief Private functions declaration.
 246:USB_DEVICE/App/usbd_custom_hid_if.c ****   * @{
 247:USB_DEVICE/App/usbd_custom_hid_if.c ****   */
 248:USB_DEVICE/App/usbd_custom_hid_if.c **** 
 249:USB_DEVICE/App/usbd_custom_hid_if.c **** static int8_t CUSTOM_HID_Init_FS(void);
 250:USB_DEVICE/App/usbd_custom_hid_if.c **** static int8_t CUSTOM_HID_DeInit_FS(void);
 251:USB_DEVICE/App/usbd_custom_hid_if.c **** static int8_t CUSTOM_HID_OutEvent_FS(uint8_t event_idx, uint8_t state);
 252:USB_DEVICE/App/usbd_custom_hid_if.c **** 
 253:USB_DEVICE/App/usbd_custom_hid_if.c **** /**
 254:USB_DEVICE/App/usbd_custom_hid_if.c ****   * @}
 255:USB_DEVICE/App/usbd_custom_hid_if.c ****   */
 256:USB_DEVICE/App/usbd_custom_hid_if.c **** 
 257:USB_DEVICE/App/usbd_custom_hid_if.c **** USBD_CUSTOM_HID_ItfTypeDef USBD_CustomHID_fops_FS =
 258:USB_DEVICE/App/usbd_custom_hid_if.c **** {
 259:USB_DEVICE/App/usbd_custom_hid_if.c ****   CUSTOM_HID_ReportDesc_FS,
 260:USB_DEVICE/App/usbd_custom_hid_if.c ****   CUSTOM_HID_Init_FS,
 261:USB_DEVICE/App/usbd_custom_hid_if.c ****   CUSTOM_HID_DeInit_FS,
ARM GAS  C:\Users\BaiJiang\AppData\Local\Temp\ccv5V8hX.s 			page 6


 262:USB_DEVICE/App/usbd_custom_hid_if.c ****   CUSTOM_HID_OutEvent_FS
 263:USB_DEVICE/App/usbd_custom_hid_if.c **** };
 264:USB_DEVICE/App/usbd_custom_hid_if.c **** 
 265:USB_DEVICE/App/usbd_custom_hid_if.c **** /** @defgroup USBD_CUSTOM_HID_Private_Functions USBD_CUSTOM_HID_Private_Functions
 266:USB_DEVICE/App/usbd_custom_hid_if.c ****   * @brief Private functions.
 267:USB_DEVICE/App/usbd_custom_hid_if.c ****   * @{
 268:USB_DEVICE/App/usbd_custom_hid_if.c ****   */
 269:USB_DEVICE/App/usbd_custom_hid_if.c **** 
 270:USB_DEVICE/App/usbd_custom_hid_if.c **** /* Private functions ---------------------------------------------------------*/
 271:USB_DEVICE/App/usbd_custom_hid_if.c **** 
 272:USB_DEVICE/App/usbd_custom_hid_if.c **** /**
 273:USB_DEVICE/App/usbd_custom_hid_if.c ****   * @brief  Initializes the CUSTOM HID media low layer
 274:USB_DEVICE/App/usbd_custom_hid_if.c ****   * @retval USBD_OK if all operations are OK else USBD_FAIL
 275:USB_DEVICE/App/usbd_custom_hid_if.c ****   */
 276:USB_DEVICE/App/usbd_custom_hid_if.c **** static int8_t CUSTOM_HID_Init_FS(void)
 277:USB_DEVICE/App/usbd_custom_hid_if.c **** {
  26              		.loc 1 277 1 view -0
  27              		.cfi_startproc
  28              		@ args = 0, pretend = 0, frame = 0
  29              		@ frame_needed = 0, uses_anonymous_args = 0
  30              		@ link register save eliminated.
 278:USB_DEVICE/App/usbd_custom_hid_if.c ****   /* USER CODE BEGIN 4 */
 279:USB_DEVICE/App/usbd_custom_hid_if.c ****   return (USBD_OK);
  31              		.loc 1 279 3 view .LVU1
 280:USB_DEVICE/App/usbd_custom_hid_if.c ****   /* USER CODE END 4 */
 281:USB_DEVICE/App/usbd_custom_hid_if.c **** }
  32              		.loc 1 281 1 is_stmt 0 view .LVU2
  33 0000 0020     		movs	r0, #0
  34 0002 7047     		bx	lr
  35              		.cfi_endproc
  36              	.LFE68:
  38              		.section	.text.CUSTOM_HID_DeInit_FS,"ax",%progbits
  39              		.align	1
  40              		.syntax unified
  41              		.thumb
  42              		.thumb_func
  44              	CUSTOM_HID_DeInit_FS:
  45              	.LFB69:
 282:USB_DEVICE/App/usbd_custom_hid_if.c **** 
 283:USB_DEVICE/App/usbd_custom_hid_if.c **** /**
 284:USB_DEVICE/App/usbd_custom_hid_if.c ****   * @brief  DeInitializes the CUSTOM HID media low layer
 285:USB_DEVICE/App/usbd_custom_hid_if.c ****   * @retval USBD_OK if all operations are OK else USBD_FAIL
 286:USB_DEVICE/App/usbd_custom_hid_if.c ****   */
 287:USB_DEVICE/App/usbd_custom_hid_if.c **** static int8_t CUSTOM_HID_DeInit_FS(void)
 288:USB_DEVICE/App/usbd_custom_hid_if.c **** {
  46              		.loc 1 288 1 is_stmt 1 view -0
  47              		.cfi_startproc
  48              		@ args = 0, pretend = 0, frame = 0
  49              		@ frame_needed = 0, uses_anonymous_args = 0
  50              		@ link register save eliminated.
 289:USB_DEVICE/App/usbd_custom_hid_if.c ****   /* USER CODE BEGIN 5 */
 290:USB_DEVICE/App/usbd_custom_hid_if.c ****   return (USBD_OK);
  51              		.loc 1 290 3 view .LVU4
 291:USB_DEVICE/App/usbd_custom_hid_if.c ****   /* USER CODE END 5 */
 292:USB_DEVICE/App/usbd_custom_hid_if.c **** }
  52              		.loc 1 292 1 is_stmt 0 view .LVU5
  53 0000 0020     		movs	r0, #0
ARM GAS  C:\Users\BaiJiang\AppData\Local\Temp\ccv5V8hX.s 			page 7


  54 0002 7047     		bx	lr
  55              		.cfi_endproc
  56              	.LFE69:
  58              		.section	.text.CUSTOM_HID_OutEvent_FS,"ax",%progbits
  59              		.align	1
  60              		.syntax unified
  61              		.thumb
  62              		.thumb_func
  64              	CUSTOM_HID_OutEvent_FS:
  65              	.LVL0:
  66              	.LFB70:
 293:USB_DEVICE/App/usbd_custom_hid_if.c **** 
 294:USB_DEVICE/App/usbd_custom_hid_if.c **** /**
 295:USB_DEVICE/App/usbd_custom_hid_if.c ****   * @brief  Manage the CUSTOM HID class events
 296:USB_DEVICE/App/usbd_custom_hid_if.c ****   * @param  event_idx: Event index
 297:USB_DEVICE/App/usbd_custom_hid_if.c ****   * @param  state: Event state
 298:USB_DEVICE/App/usbd_custom_hid_if.c ****   * @retval USBD_OK if all operations are OK else USBD_FAIL
 299:USB_DEVICE/App/usbd_custom_hid_if.c ****   */
 300:USB_DEVICE/App/usbd_custom_hid_if.c **** static int8_t CUSTOM_HID_OutEvent_FS(uint8_t event_idx, uint8_t state)
 301:USB_DEVICE/App/usbd_custom_hid_if.c **** {
  67              		.loc 1 301 1 is_stmt 1 view -0
  68              		.cfi_startproc
  69              		@ args = 0, pretend = 0, frame = 0
  70              		@ frame_needed = 0, uses_anonymous_args = 0
  71              		@ link register save eliminated.
 302:USB_DEVICE/App/usbd_custom_hid_if.c ****   /* USER CODE BEGIN 6 */
 303:USB_DEVICE/App/usbd_custom_hid_if.c ****   return (USBD_OK);
  72              		.loc 1 303 3 view .LVU7
 304:USB_DEVICE/App/usbd_custom_hid_if.c ****   /* USER CODE END 6 */
 305:USB_DEVICE/App/usbd_custom_hid_if.c **** }
  73              		.loc 1 305 1 is_stmt 0 view .LVU8
  74 0000 0020     		movs	r0, #0
  75              	.LVL1:
  76              		.loc 1 305 1 view .LVU9
  77 0002 7047     		bx	lr
  78              		.cfi_endproc
  79              	.LFE70:
  81              		.global	USBD_CustomHID_fops_FS
  82              		.section	.data.USBD_CustomHID_fops_FS,"aw"
  83              		.align	2
  86              	USBD_CustomHID_fops_FS:
  87 0000 00000000 		.word	CUSTOM_HID_ReportDesc_FS
  88 0004 00000000 		.word	CUSTOM_HID_Init_FS
  89 0008 00000000 		.word	CUSTOM_HID_DeInit_FS
  90 000c 00000000 		.word	CUSTOM_HID_OutEvent_FS
  91              		.section	.data.CUSTOM_HID_ReportDesc_FS,"aw"
  92              		.align	2
  95              	CUSTOM_HID_ReportDesc_FS:
  96 0000 00C000   		.ascii	"\000\300\000"
  97 0003 00000000 		.space	115
  97      00000000 
  97      00000000 
  97      00000000 
  97      00000000 
  98              		.global	CUSTOM_HID_ReportDesc_FS1
  99              		.section	.data.CUSTOM_HID_ReportDesc_FS1,"aw"
 100              		.align	2
ARM GAS  C:\Users\BaiJiang\AppData\Local\Temp\ccv5V8hX.s 			page 8


 103              	CUSTOM_HID_ReportDesc_FS1:
 104 0000 05010905 		.ascii	"\005\001\011\005\241\001\241\000\205\001\005\011\031"
 104      A101A100 
 104      85010509 
 104      19
 105 000d 01291015 		.ascii	"\001)\020\025\000%\001\225\020u\001\201\002\005\001"
 105      00250195 
 105      10750181 
 105      020501
 106 001c 09300931 		.ascii	"\0110\0111\0112\0113\025\000&\377\000u\010\225\004\201"
 106      09320933 
 106      150026FF 
 106      00750895 
 106      0481
 107 002e 02C0C005 		.ascii	"\002\300\300\005\001\011\006\241\001\205\002\005\007"
 107      010906A1 
 107      01850205 
 107      07
 108 003b 19E029E7 		.ascii	"\031\340)\347\025\000%\001\225\010u\001\201\002\005"
 108      15002501 
 108      95087501 
 108      810205
 109 004a 07190429 		.ascii	"\007\031\004)e\025\000%\001\225bu\001\201\002\225\001"
 109      65150025 
 109      01956275 
 109      01810295 
 109      01
 110 005b 75068103 		.ascii	"u\006\201\003\005\010\031\001)\005\025\000%\001\225"
 110      05081901 
 110      29051500 
 110      250195
 111 006a 05750191 		.ascii	"\005u\001\221\002\225\001u\003\221\003\300"
 111      02950175 
 111      039103C0 
 112              		.text
 113              	.Letext0:
 114              		.file 2 "D:/GCC/xpack-arm-none-eabi-gcc-13.2.1-1.1/arm-none-eabi/include/machine/_default_types.h"
 115              		.file 3 "D:/GCC/xpack-arm-none-eabi-gcc-13.2.1-1.1/arm-none-eabi/include/sys/_stdint.h"
 116              		.file 4 "Middlewares/ST/STM32_USB_Device_Library/Class/CustomHID/Inc/usbd_customhid.h"
 117              		.file 5 "USB_DEVICE/App/usbd_custom_hid_if.h"
 118              		.file 6 "Middlewares/ST/STM32_USB_Device_Library/Core/Inc/usbd_def.h"
ARM GAS  C:\Users\BaiJiang\AppData\Local\Temp\ccv5V8hX.s 			page 9


DEFINED SYMBOLS
                            *ABS*:00000000 usbd_custom_hid_if.c
C:\Users\BaiJiang\AppData\Local\Temp\ccv5V8hX.s:19     .text.CUSTOM_HID_Init_FS:00000000 $t
C:\Users\BaiJiang\AppData\Local\Temp\ccv5V8hX.s:24     .text.CUSTOM_HID_Init_FS:00000000 CUSTOM_HID_Init_FS
C:\Users\BaiJiang\AppData\Local\Temp\ccv5V8hX.s:39     .text.CUSTOM_HID_DeInit_FS:00000000 $t
C:\Users\BaiJiang\AppData\Local\Temp\ccv5V8hX.s:44     .text.CUSTOM_HID_DeInit_FS:00000000 CUSTOM_HID_DeInit_FS
C:\Users\BaiJiang\AppData\Local\Temp\ccv5V8hX.s:59     .text.CUSTOM_HID_OutEvent_FS:00000000 $t
C:\Users\BaiJiang\AppData\Local\Temp\ccv5V8hX.s:64     .text.CUSTOM_HID_OutEvent_FS:00000000 CUSTOM_HID_OutEvent_FS
C:\Users\BaiJiang\AppData\Local\Temp\ccv5V8hX.s:86     .data.USBD_CustomHID_fops_FS:00000000 USBD_CustomHID_fops_FS
C:\Users\BaiJiang\AppData\Local\Temp\ccv5V8hX.s:83     .data.USBD_CustomHID_fops_FS:00000000 $d
C:\Users\BaiJiang\AppData\Local\Temp\ccv5V8hX.s:95     .data.CUSTOM_HID_ReportDesc_FS:00000000 CUSTOM_HID_ReportDesc_FS
C:\Users\BaiJiang\AppData\Local\Temp\ccv5V8hX.s:92     .data.CUSTOM_HID_ReportDesc_FS:00000000 $d
C:\Users\BaiJiang\AppData\Local\Temp\ccv5V8hX.s:103    .data.CUSTOM_HID_ReportDesc_FS1:00000000 CUSTOM_HID_ReportDesc_FS1
C:\Users\BaiJiang\AppData\Local\Temp\ccv5V8hX.s:100    .data.CUSTOM_HID_ReportDesc_FS1:00000000 $d

NO UNDEFINED SYMBOLS
